symbol=BTC timeframe=1h pattern=PATTERN_004 name='Horizontal Support' rule='double_swing_low' score=98.7466 priority_fixed=false anchors=[2026-04-17 10:00:00 UTC+8, 2026-04-20 05:00:00 UTC+8]
symbol=BTC timeframe=1h pattern=PATTERN_004 name='Horizontal Support' rule='double_swing_low' score=98.8652 priority_fixed=false anchors=[2026-04-15 23:00:00 UTC+8, 2026-04-20 06:00:00 UTC+8]
symbol=BTC timeframe=1h pattern=PATTERN_004 name='Horizontal Support' rule='double_swing_low' score=98.5522 priority_fixed=false anchors=[2026-04-15 23:00:00 UTC+8, 2026-04-20 08:00:00 UTC+8]
symbol=BTC timeframe=1h pattern=PATTERN_005 name='Three Point Trendline Resistance' rule='strict_three_point_descending_resistance' score=96.0714 priority_fixed=true combination=FIXED_COMBO_006 combination_score=50.0000 matched=['third_anchor_open_below_ema99'] anchors=[2026-04-18 10:00:00 UTC+8, 2026-04-19 21:00:00 UTC+8, 2026-04-20 15:00:00 UTC+8]
symbol=BTC timeframe=1h pattern=PATTERN_007 name='Inverse Head and Shoulders' rule='confirmed_three_swing_low_inverse_head_shoulders' score=75.6701 priority_fixed=true combination=FIXED_COMBO_003 combination_score=50.0000 matched=['head_double_bottom_support'] anchors=[2026-04-19 15:00:00 UTC+8, 2026-04-20 08:00:00 UTC+8, 2026-04-22 03:00:00 UTC+8]
symbol=BTC timeframe=1h pattern=PATTERN_006 name='Horizontal Resistance' rule='strict_two_swing_horizontal_resistance' score=91.8618 priority_fixed=false anchors=[2026-04-18 00:00:00 UTC+8, 2026-04-22 13:00:00 UTC+8]
symbol=BTC timeframe=1h pattern=PATTERN_004 name='Horizontal Support' rule='breakout_retest' score=89.2015 priority_fixed=false anchors=[2026-04-18 00:00:00 UTC+8, 2026-04-23 04:00:00 UTC+8]
symbol=BTC timeframe=1h pattern=PATTERN_004 name='Horizontal Support' rule='breakout_retest' score=88.9946 priority_fixed=false anchors=[2026-04-18 00:00:00 UTC+8, 2026-04-23 08:00:00 UTC+8]
symbol=BTC timeframe=1h pattern=PATTERN_004 name='Horizontal Support' rule='breakout_retest' score=89.6525 priority_fixed=false anchors=[2026-04-18 00:00:00 UTC+8, 2026-04-23 11:00:00 UTC+8]
symbol=BTC timeframe=1h pattern=PATTERN_004 name='Horizontal Support' rule='breakout_retest' score=88.9770 priority_fixed=false anchors=[2026-04-21 16:00:00 UTC+8, 2026-04-24 01:00:00 UTC+8]
symbol=BTC timeframe=1h pattern=PATTERN_008 name='Head and Shoulders Top' rule='confirmed_three_swing_high_head_shoulders_top' score=58.4653 priority_fixed=false anchors=[2026-04-18 00:00:00 UTC+8, 2026-04-23 00:00:00 UTC+8, 2026-04-23 23:00:00 UTC+8]
symbol=BTC timeframe=1h pattern=PATTERN_003 name='Three Point Trendline Support' rule='strict_three_point_slope_support' score=99.2581 priority_fixed=false anchors=[2026-04-22 03:00:00 UTC+8, 2026-04-23 18:00:00 UTC+8, 2026-04-24 13:00:00 UTC+8]
symbol=BTC timeframe=1h pattern=PATTERN_003 name='Three Point Trendline Support' rule='strict_three_point_slope_support' score=98.0313 priority_fixed=false anchors=[2026-04-22 03:00:00 UTC+8, 2026-04-23 18:00:00 UTC+8, 2026-04-24 17:00:00 UTC+8]
symbol=BTC timeframe=1h pattern=PATTERN_002 name='Triangle' rule='symmetrical_triangle' score=61.8745 priority_fixed=true combination=FIXED_COMBO_007 combination_score=50.0000 matched=['lower_third_anchor_close_above_ema99'] anchors=[2026-04-22 03:00:00 UTC+8, 2026-04-23 00:00:00 UTC+8, 2026-04-23 18:00:00 UTC+8, 2026-04-24 10:00:00 UTC+8, 2026-04-24 23:00:00 UTC+8]
symbol=BTC timeframe=1h pattern=PATTERN_004 name='Horizontal Support' rule='breakout_retest' score=87.0715 priority_fixed=false anchors=[2026-04-21 16:00:00 UTC+8, 2026-04-25 06:00:00 UTC+8]
symbol=BTC timeframe=1h pattern=PATTERN_003 name='Three Point Trendline Support' rule='strict_three_point_slope_support' score=96.0876 priority_fixed=true combination=FIXED_COMBO_005 combination_score=66.6667 matched=['first_anchor_double_bottom_support', 'third_anchor_breakout_retest_support'] anchors=[2026-04-20 08:00:00 UTC+8, 2026-04-22 03:00:00 UTC+8, 2026-04-25 06:00:00 UTC+8]
symbol=BTC timeframe=1h pattern=PATTERN_005 name='Three Point Trendline Resistance' rule='strict_three_point_descending_resistance' score=91.0133 priority_fixed=false anchors=[2026-04-23 00:00:00 UTC+8, 2026-04-24 21:00:00 UTC+8, 2026-04-25 18:00:00 UTC+8]
symbol=BTC timeframe=1h pattern=PATTERN_004 name='Horizontal Support' rule='breakout_retest' score=86.8313 priority_fixed=false anchors=[2026-04-21 16:00:00 UTC+8, 2026-04-26 00:00:00 UTC+8]
symbol=BTC timeframe=1h pattern=PATTERN_003 name='Three Point Trendline Support' rule='strict_three_point_slope_support' score=98.9641 priority_fixed=true combination=FIXED_COMBO_005 combination_score=66.6667 matched=['first_anchor_double_bottom_support', 'third_anchor_breakout_retest_support'] anchors=[2026-04-20 08:00:00 UTC+8, 2026-04-22 03:00:00 UTC+8, 2026-04-26 00:00:00 UTC+8]
symbol=BTC timeframe=1h pattern=PATTERN_005 name='Three Point Trendline Resistance' rule='strict_three_point_descending_resistance' score=93.6864 priority_fixed=false anchors=[2026-04-23 00:00:00 UTC+8, 2026-04-24 21:00:00 UTC+8, 2026-04-26 07:00:00 UTC+8]
symbol=BTC timeframe=1h pattern=PATTERN_003 name='Three Point Trendline Support' rule='strict_three_point_slope_support' score=98.0210 priority_fixed=true combination=FIXED_COMBO_005 combination_score=33.3333 matched=['first_anchor_double_bottom_support'] anchors=[2026-04-20 08:00:00 UTC+8, 2026-04-22 03:00:00 UTC+8, 2026-04-26 11:00:00 UTC+8]
symbol=BTC timeframe=1h pattern=PATTERN_006 name='Horizontal Resistance' rule='strict_two_swing_horizontal_resistance' score=75.4419 priority_fixed=false anchors=[2026-04-23 23:00:00 UTC+8, 2026-04-27 05:00:00 UTC+8]
symbol=BTC timeframe=1h pattern=PATTERN_006 name='Horizontal Resistance' rule='strict_two_swing_horizontal_resistance' score=88.7334 priority_fixed=false anchors=[2026-04-23 00:00:00 UTC+8, 2026-04-27 09:00:00 UTC+8]
symbol=BTC timeframe=1h pattern=PATTERN_004 name='Horizontal Support' rule='breakout_retest' score=89.4459 priority_fixed=false anchors=[2026-04-25 18:00:00 UTC+8, 2026-04-27 13:00:00 UTC+8]
symbol=BTC timeframe=1h pattern=PATTERN_004 name='Horizontal Support' rule='breakout_retest' score=89.8637 priority_fixed=false anchors=[2026-04-25 18:00:00 UTC+8, 2026-04-27 14:00:00 UTC+8]
symbol=BTC timeframe=1h pattern=PATTERN_008 name='Head and Shoulders Top' rule='confirmed_three_swing_high_head_shoulders_top' score=71.7626 priority_fixed=true combination=FIXED_COMBO_004 combination_score=50.0000 matched=['head_horizontal_resistance'] anchors=[2026-04-22 13:00:00 UTC+8, 2026-04-27 09:00:00 UTC+8, 2026-04-27 22:00:00 UTC+8]
symbol=BTC timeframe=1h pattern=PATTERN_004 name='Horizontal Support' rule='breakout_retest' score=89.5858 priority_fixed=false anchors=[2026-04-29 18:00:00 UTC+8, 2026-05-02 04:00:00 UTC+8]
symbol=BTC timeframe=1h pattern=PATTERN_003 name='Three Point Trendline Support' rule='strict_three_point_slope_support' score=97.5889 priority_fixed=false anchors=[2026-04-30 13:00:00 UTC+8, 2026-05-01 06:00:00 UTC+8, 2026-05-03 02:00:00 UTC+8]
symbol=BTC timeframe=1h pattern=PATTERN_003 name='Three Point Trendline Support' rule='strict_three_point_slope_support' score=98.7081 priority_fixed=true combination=FIXED_COMBO_005 combination_score=33.3333 matched=['first_anchor_double_bottom_support'] anchors=[2026-04-30 02:00:00 UTC+8, 2026-04-30 13:00:00 UTC+8, 2026-05-03 10:00:00 UTC+8]
symbol=BTC timeframe=1h pattern=PATTERN_003 name='Three Point Trendline Support' rule='strict_three_point_slope_support' score=99.7053 priority_fixed=true combination=FIXED_COMBO_005 combination_score=33.3333 matched=['first_anchor_double_bottom_support'] anchors=[2026-04-30 02:00:00 UTC+8, 2026-04-30 13:00:00 UTC+8, 2026-05-03 14:00:00 UTC+8]
symbol=BTC timeframe=1h pattern=PATTERN_008 name='Head and Shoulders Top' rule='confirmed_three_swing_high_head_shoulders_top' score=73.1265 priority_fixed=false anchors=[2026-05-01 21:00:00 UTC+8, 2026-05-03 05:00:00 UTC+8, 2026-05-03 20:00:00 UTC+8]
symbol=BTC timeframe=1h pattern=PATTERN_003 name='Three Point Trendline Support' rule='strict_three_point_slope_support' score=99.3822 priority_fixed=true combination=FIXED_COMBO_005 combination_score=33.3333 matched=['first_anchor_double_bottom_support'] anchors=[2026-04-30 02:00:00 UTC+8, 2026-04-30 13:00:00 UTC+8, 2026-05-04 01:00:00 UTC+8]
symbol=BTC timeframe=1h pattern=PATTERN_003 name='Three Point Trendline Support' rule='strict_three_point_slope_support' score=99.2443 priority_fixed=true combination=FIXED_COMBO_005 combination_score=33.3333 matched=['first_anchor_double_bottom_support'] anchors=[2026-04-30 02:00:00 UTC+8, 2026-04-30 13:00:00 UTC+8, 2026-05-04 08:00:00 UTC+8]
symbol=BTC timeframe=1h pattern=PATTERN_003 name='Three Point Trendline Support' rule='strict_three_point_slope_support' score=98.8627 priority_fixed=true combination=FIXED_COMBO_005 combination_score=33.3333 matched=['first_anchor_double_bottom_support'] anchors=[2026-04-30 02:00:00 UTC+8, 2026-04-30 13:00:00 UTC+8, 2026-05-04 18:00:00 UTC+8]
symbol=BTC timeframe=1h pattern=PATTERN_004 name='Horizontal Support' rule='double_swing_low' score=99.5540 priority_fixed=true combination=FIXED_COMBO_001 combination_score=100.0000 matched=['second_anchor_close_above_ema99'] anchors=[2026-05-05 17:00:00 UTC+8, 2026-05-07 18:00:00 UTC+8]
symbol=BTC timeframe=1h pattern=PATTERN_003 name='Three Point Trendline Support' rule='strict_three_point_slope_support' score=99.8058 priority_fixed=true combination=FIXED_COMBO_005 combination_score=33.3333 matched=['third_anchor_breakout_retest_support'] anchors=[2026-05-01 06:00:00 UTC+8, 2026-05-04 08:00:00 UTC+8, 2026-05-07 18:00:00 UTC+8]
symbol=BTC timeframe=1h pattern=PATTERN_004 name='Horizontal Support' rule='double_swing_low' score=99.6758 priority_fixed=false anchors=[2026-05-05 17:00:00 UTC+8, 2026-05-07 21:00:00 UTC+8]
symbol=BTC timeframe=1h pattern=PATTERN_003 name='Three Point Trendline Support' rule='strict_three_point_slope_support' score=99.8907 priority_fixed=false anchors=[2026-05-01 14:00:00 UTC+8, 2026-05-04 18:00:00 UTC+8, 2026-05-08 01:00:00 UTC+8]
symbol=BTC timeframe=1h pattern=PATTERN_003 name='Three Point Trendline Support' rule='strict_three_point_slope_support' score=97.9072 priority_fixed=false anchors=[2026-05-02 04:00:00 UTC+8, 2026-05-03 14:00:00 UTC+8, 2026-05-08 06:00:00 UTC+8]
symbol=BTC timeframe=1h pattern=PATTERN_004 name='Horizontal Support' rule='double_swing_low' score=96.5936 priority_fixed=false anchors=[2026-05-05 07:00:00 UTC+8, 2026-05-08 10:00:00 UTC+8]
symbol=BTC timeframe=1h pattern=PATTERN_003 name='Three Point Trendline Support' rule='strict_three_point_slope_support' score=99.7607 priority_fixed=false anchors=[2026-05-02 04:00:00 UTC+8, 2026-05-03 14:00:00 UTC+8, 2026-05-08 11:00:00 UTC+8]
symbol=BTC timeframe=1h pattern=PATTERN_003 name='Three Point Trendline Support' rule='strict_three_point_slope_support' score=99.5790 priority_fixed=false anchors=[2026-05-02 04:00:00 UTC+8, 2026-05-03 14:00:00 UTC+8, 2026-05-08 15:00:00 UTC+8]
symbol=BTC timeframe=1h pattern=PATTERN_003 name='Three Point Trendline Support' rule='strict_three_point_slope_support' score=99.9714 priority_fixed=false anchors=[2026-05-03 14:00:00 UTC+8, 2026-05-04 08:00:00 UTC+8, 2026-05-08 21:00:00 UTC+8]
symbol=BTC timeframe=1h pattern=PATTERN_008 name='Head and Shoulders Top' rule='confirmed_three_swing_high_head_shoulders_top' score=77.5758 priority_fixed=false anchors=[2026-05-04 12:00:00 UTC+8, 2026-05-06 19:00:00 UTC+8, 2026-05-08 20:00:00 UTC+8]
symbol=BTC timeframe=1h pattern=PATTERN_008 name='Head and Shoulders Top' rule='confirmed_three_swing_high_head_shoulders_top' score=77.5069 priority_fixed=false anchors=[2026-05-04 12:00:00 UTC+8, 2026-05-06 19:00:00 UTC+8, 2026-05-09 12:00:00 UTC+8]
symbol=BTC timeframe=1h pattern=PATTERN_003 name='Three Point Trendline Support' rule='strict_three_point_slope_support' score=98.2892 priority_fixed=false anchors=[2026-05-08 11:00:00 UTC+8, 2026-05-09 18:00:00 UTC+8, 2026-05-10 09:00:00 UTC+8]
symbol=BTC timeframe=1h pattern=PATTERN_003 name='Three Point Trendline Support' rule='strict_three_point_slope_support' score=95.9388 priority_fixed=false anchors=[2026-05-08 11:00:00 UTC+8, 2026-05-08 21:00:00 UTC+8, 2026-05-10 14:00:00 UTC+8]
symbol=BTC timeframe=1h pattern=PATTERN_006 name='Horizontal Resistance' rule='strict_two_swing_horizontal_resistance' score=78.8183 priority_fixed=false anchors=[2026-05-07 15:00:00 UTC+8, 2026-05-11 01:00:00 UTC+8]
symbol=BTC timeframe=1h pattern=PATTERN_003 name='Three Point Trendline Support' rule='strict_three_point_slope_support' score=99.4057 priority_fixed=false anchors=[2026-05-04 18:00:00 UTC+8, 2026-05-08 21:00:00 UTC+8, 2026-05-11 04:00:00 UTC+8]
symbol=BTC timeframe=1h pattern=PATTERN_004 name='Horizontal Support' rule='breakout_retest' score=88.6566 priority_fixed=false anchors=[2026-05-08 04:00:00 UTC+8, 2026-05-11 11:00:00 UTC+8]
symbol=BTC timeframe=1h pattern=PATTERN_003 name='Three Point Trendline Support' rule='strict_three_point_slope_support' score=97.3571 priority_fixed=true combination=FIXED_COMBO_005 combination_score=33.3333 matched=['third_anchor_breakout_retest_support'] anchors=[2026-05-08 11:00:00 UTC+8, 2026-05-08 21:00:00 UTC+8, 2026-05-11 11:00:00 UTC+8]
symbol=BTC timeframe=1h pattern=PATTERN_003 name='Three Point Trendline Support' rule='strict_three_point_slope_support' score=97.7915 priority_fixed=true combination=FIXED_COMBO_005 combination_score=33.3333 matched=['third_anchor_breakout_retest_support'] anchors=[2026-05-08 11:00:00 UTC+8, 2026-05-11 04:00:00 UTC+8, 2026-05-11 16:00:00 UTC+8]
symbol=BTC timeframe=1h pattern=PATTERN_003 name='Three Point Trendline Support' rule='strict_three_point_slope_support' score=97.8913 priority_fixed=true combination=FIXED_COMBO_005 combination_score=33.3333 matched=['third_anchor_breakout_retest_support'] anchors=[2026-05-08 11:00:00 UTC+8, 2026-05-11 04:00:00 UTC+8, 2026-05-11 22:00:00 UTC+8]
symbol=BTC timeframe=1h pattern=PATTERN_005 name='Three Point Trendline Resistance' rule='strict_three_point_descending_resistance' score=91.7366 priority_fixed=false anchors=[2026-05-06 19:00:00 UTC+8, 2026-05-11 07:00:00 UTC+8, 2026-05-12 02:00:00 UTC+8]
symbol=BTC timeframe=1h pattern=PATTERN_003 name='Three Point Trendline Support' rule='strict_three_point_slope_support' score=99.3810 priority_fixed=true combination=FIXED_COMBO_005 combination_score=33.3333 matched=['third_anchor_breakout_retest_support'] anchors=[2026-05-08 11:00:00 UTC+8, 2026-05-11 04:00:00 UTC+8, 2026-05-12 09:00:00 UTC+8]
symbol=BTC timeframe=1h pattern=PATTERN_004 name='Horizontal Support' rule='breakout_retest' score=87.9103 priority_fixed=false anchors=[2026-05-08 04:00:00 UTC+8, 2026-05-12 19:00:00 UTC+8]
symbol=BTC timeframe=1h pattern=PATTERN_004 name='Horizontal Support' rule='double_swing_low' score=97.6918 priority_fixed=false anchors=[2026-05-11 04:00:00 UTC+8, 2026-05-12 21:00:00 UTC+8]
symbol=BTC timeframe=1h pattern=PATTERN_004 name='Horizontal Support' rule='double_swing_low' score=97.7865 priority_fixed=false anchors=[2026-05-11 04:00:00 UTC+8, 2026-05-12 22:00:00 UTC+8]
symbol=BTC timeframe=1h pattern=PATTERN_004 name='Horizontal Support' rule='double_swing_low' score=99.3059 priority_fixed=false anchors=[2026-05-09 15:00:00 UTC+8, 2026-05-12 23:00:00 UTC+8]
symbol=BTC timeframe=1h pattern=PATTERN_004 name='Horizontal Support' rule='double_swing_low' score=98.0402 priority_fixed=false anchors=[2026-05-09 15:00:00 UTC+8, 2026-05-13 00:00:00 UTC+8]
symbol=BTC timeframe=1h pattern=PATTERN_005 name='Three Point Trendline Resistance' rule='strict_three_point_descending_resistance' score=98.2073 priority_fixed=false anchors=[2026-05-11 07:00:00 UTC+8, 2026-05-12 02:00:00 UTC+8, 2026-05-13 11:00:00 UTC+8]
symbol=BTC timeframe=1h pattern=PATTERN_008 name='Head and Shoulders Top' rule='confirmed_three_swing_high_head_shoulders_top' score=60.1713 priority_fixed=false anchors=[2026-05-10 02:00:00 UTC+8, 2026-05-11 07:00:00 UTC+8, 2026-05-13 11:00:00 UTC+8]
symbol=BTC timeframe=1h pattern=PATTERN_004 name='Horizontal Support' rule='double_swing_low' score=99.5391 priority_fixed=false anchors=[2026-05-08 01:00:00 UTC+8, 2026-05-13 22:00:00 UTC+8]
symbol=BTC timeframe=1h pattern=PATTERN_008 name='Head and Shoulders Top' rule='confirmed_three_swing_high_head_shoulders_top' score=64.2802 priority_fixed=false anchors=[2026-05-10 02:00:00 UTC+8, 2026-05-11 07:00:00 UTC+8, 2026-05-13 17:00:00 UTC+8]
symbol=BTC timeframe=1h pattern=PATTERN_004 name='Horizontal Support' rule='double_swing_low' score=97.5050 priority_fixed=false anchors=[2026-05-14 00:00:00 UTC+8, 2026-05-16 14:00:00 UTC+8]
symbol=BTC timeframe=1h pattern=PATTERN_004 name='Horizontal Support' rule='breakout_retest' score=88.5995 priority_fixed=false anchors=[2026-05-18 20:00:00 UTC+8, 2026-05-20 21:00:00 UTC+8]
symbol=BTC timeframe=1h pattern=PATTERN_005 name='Three Point Trendline Resistance' rule='strict_three_point_descending_resistance' score=94.7116 priority_fixed=true combination=FIXED_COMBO_006 combination_score=50.0000 matched=['third_anchor_open_below_ema99'] anchors=[2026-05-17 18:00:00 UTC+8, 2026-05-18 05:00:00 UTC+8, 2026-05-20 20:00:00 UTC+8]
symbol=BTC timeframe=1h pattern=PATTERN_006 name='Horizontal Resistance' rule='strict_two_swing_horizontal_resistance' score=85.0812 priority_fixed=true combination=FIXED_COMBO_002 combination_score=100.0000 matched=['second_anchor_open_below_ema99'] anchors=[2026-05-18 20:00:00 UTC+8, 2026-05-20 20:00:00 UTC+8]
symbol=BTC timeframe=1h pattern=PATTERN_006 name='Horizontal Resistance' rule='strict_two_swing_horizontal_resistance' score=81.1524 priority_fixed=true combination=FIXED_COMBO_002 combination_score=100.0000 matched=['second_anchor_open_below_ema99'] anchors=[2026-05-18 20:00:00 UTC+8, 2026-05-20 23:00:00 UTC+8]
symbol=BTC timeframe=1h pattern=PATTERN_003 name='Three Point Trendline Support' rule='strict_three_point_slope_support' score=98.9399 priority_fixed=true combination=FIXED_COMBO_005 combination_score=33.3333 matched=['first_anchor_double_bottom_support'] anchors=[2026-05-19 22:00:00 UTC+8, 2026-05-20 08:00:00 UTC+8, 2026-05-21 15:00:00 UTC+8]
symbol=BTC timeframe=1h pattern=PATTERN_004 name='Horizontal Support' rule='breakout_retest' score=88.8238 priority_fixed=false anchors=[2026-05-20 03:00:00 UTC+8, 2026-05-21 19:00:00 UTC+8]
symbol=BTC timeframe=1h pattern=PATTERN_004 name='Horizontal Support' rule='breakout_retest' score=89.6945 priority_fixed=false anchors=[2026-05-20 03:00:00 UTC+8, 2026-05-21 20:00:00 UTC+8]
symbol=BTC timeframe=1h pattern=PATTERN_004 name='Horizontal Support' rule='breakout_retest' score=89.2537 priority_fixed=false anchors=[2026-05-20 03:00:00 UTC+8, 2026-05-21 21:00:00 UTC+8]
symbol=BTC timeframe=1h pattern=PATTERN_003 name='Three Point Trendline Support' rule='strict_three_point_slope_support' score=97.0842 priority_fixed=true combination=FIXED_COMBO_005 combination_score=66.6667 matched=['first_anchor_double_bottom_support', 'third_anchor_breakout_retest_support'] anchors=[2026-05-18 23:00:00 UTC+8, 2026-05-19 22:00:00 UTC+8, 2026-05-21 21:00:00 UTC+8]
symbol=BTC timeframe=1h pattern=PATTERN_005 name='Three Point Trendline Resistance' rule='strict_three_point_descending_resistance' score=98.1811 priority_fixed=true combination=FIXED_COMBO_006 combination_score=50.0000 matched=['third_anchor_open_below_ema99'] anchors=[2026-05-17 18:00:00 UTC+8, 2026-05-21 09:00:00 UTC+8, 2026-05-22 01:00:00 UTC+8]
symbol=BTC timeframe=1h pattern=PATTERN_005 name='Three Point Trendline Resistance' rule='strict_three_point_descending_resistance' score=96.1701 priority_fixed=false anchors=[2026-05-16 02:00:00 UTC+8, 2026-05-22 01:00:00 UTC+8, 2026-05-22 12:00:00 UTC+8]
symbol=BTC timeframe=1h pattern=PATTERN_003 name='Three Point Trendline Support' rule='strict_three_point_slope_support' score=99.1410 priority_fixed=true combination=FIXED_COMBO_005 combination_score=33.3333 matched=['first_anchor_double_bottom_support'] anchors=[2026-05-18 23:00:00 UTC+8, 2026-05-19 22:00:00 UTC+8, 2026-05-22 23:00:00 UTC+8]
symbol=BTC timeframe=1h pattern=PATTERN_008 name='Head and Shoulders Top' rule='confirmed_three_swing_high_head_shoulders_top' score=46.9694 priority_fixed=false anchors=[2026-05-20 23:00:00 UTC+8, 2026-05-21 16:00:00 UTC+8, 2026-05-24 05:00:00 UTC+8]
symbol=BTC timeframe=1h pattern=PATTERN_005 name='Three Point Trendline Resistance' rule='strict_three_point_descending_resistance' score=97.6593 priority_fixed=false anchors=[2026-05-21 09:00:00 UTC+8, 2026-05-22 01:00:00 UTC+8, 2026-05-24 18:00:00 UTC+8]
symbol=BTC timeframe=1h pattern=PATTERN_008 name='Head and Shoulders Top' rule='confirmed_three_swing_high_head_shoulders_top' score=53.6329 priority_fixed=false anchors=[2026-05-20 23:00:00 UTC+8, 2026-05-21 16:00:00 UTC+8, 2026-05-24 18:00:00 UTC+8]
symbol=BTC timeframe=1h pattern=PATTERN_007 name='Inverse Head and Shoulders' rule='confirmed_three_swing_low_inverse_head_shoulders' score=74.9862 priority_fixed=true combination=FIXED_COMBO_003 combination_score=50.0000 matched=['head_double_bottom_support'] anchors=[2026-05-18 23:00:00 UTC+8, 2026-05-23 15:00:00 UTC+8, 2026-05-25 05:00:00 UTC+8]
symbol=BTC timeframe=1h pattern=PATTERN_005 name='Three Point Trendline Resistance' rule='strict_three_point_descending_resistance' score=99.3387 priority_fixed=false anchors=[2026-05-21 09:00:00 UTC+8, 2026-05-22 01:00:00 UTC+8, 2026-05-25 10:00:00 UTC+8]
symbol=BTC timeframe=1h pattern=PATTERN_002 name='Triangle' rule='ascending_triangle' score=63.3678 priority_fixed=false anchors=[2026-05-22 12:00:00 UTC+8, 2026-05-23 15:00:00 UTC+8, 2026-05-24 18:00:00 UTC+8, 2026-05-25 05:00:00 UTC+8, 2026-05-25 17:00:00 UTC+8]
symbol=BTC timeframe=1h pattern=PATTERN_006 name='Horizontal Resistance' rule='strict_two_swing_horizontal_resistance' score=89.8355 priority_fixed=false anchors=[2026-05-22 12:00:00 UTC+8, 2026-05-25 23:00:00 UTC+8]
symbol=BTC timeframe=1h pattern=PATTERN_008 name='Head and Shoulders Top' rule='confirmed_three_swing_high_head_shoulders_top' score=64.2322 priority_fixed=false anchors=[2026-05-20 23:00:00 UTC+8, 2026-05-21 16:00:00 UTC+8, 2026-05-25 23:00:00 UTC+8]
symbol=BTC timeframe=1h pattern=PATTERN_003 name='Three Point Trendline Support' rule='strict_three_point_slope_support' score=94.7183 priority_fixed=false anchors=[2026-05-24 01:00:00 UTC+8, 2026-05-25 05:00:00 UTC+8, 2026-05-26 11:00:00 UTC+8]
symbol=BTC timeframe=1h pattern=PATTERN_003 name='Three Point Trendline Support' rule='strict_three_point_slope_support' score=95.3902 priority_fixed=false anchors=[2026-05-24 01:00:00 UTC+8, 2026-05-25 05:00:00 UTC+8, 2026-05-26 15:00:00 UTC+8]
symbol=BTC timeframe=1h pattern=PATTERN_006 name='Horizontal Resistance' rule='strict_two_swing_horizontal_resistance' score=87.5237 priority_fixed=false anchors=[2026-05-22 01:00:00 UTC+8, 2026-05-26 22:00:00 UTC+8]
symbol=BTC timeframe=1h pattern=PATTERN_004 name='Horizontal Support' rule='double_swing_low' score=98.4026 priority_fixed=false anchors=[2026-05-25 05:00:00 UTC+8, 2026-05-27 01:00:00 UTC+8]
symbol=BTC timeframe=1h pattern=PATTERN_004 name='Horizontal Support' rule='double_swing_low' score=98.7796 priority_fixed=false anchors=[2026-05-23 15:00:00 UTC+8, 2026-05-28 05:00:00 UTC+8]
symbol=BTC timeframe=1h pattern=PATTERN_004 name='Horizontal Support' rule='double_swing_low' score=99.8232 priority_fixed=false anchors=[2026-05-23 15:00:00 UTC+8, 2026-05-28 06:00:00 UTC+8]
symbol=BTC timeframe=1h pattern=PATTERN_004 name='Horizontal Support' rule='double_swing_low' score=99.9232 priority_fixed=false anchors=[2026-05-23 15:00:00 UTC+8, 2026-05-28 07:00:00 UTC+8]
symbol=BTC timeframe=1h pattern=PATTERN_004 name='Horizontal Support' rule='double_swing_low' score=98.7986 priority_fixed=false anchors=[2026-05-23 15:00:00 UTC+8, 2026-05-28 09:00:00 UTC+8]
symbol=BTC timeframe=1h pattern=PATTERN_004 name='Horizontal Support' rule='double_swing_low' score=99.3559 priority_fixed=false anchors=[2026-05-23 15:00:00 UTC+8, 2026-05-28 10:00:00 UTC+8]
symbol=BTC timeframe=1h pattern=PATTERN_005 name='Three Point Trendline Resistance' rule='strict_three_point_descending_resistance' score=94.3922 priority_fixed=true combination=FIXED_COMBO_006 combination_score=100.0000 matched=['first_anchor_horizontal_resistance', 'third_anchor_open_below_ema99'] anchors=[2026-05-26 22:00:00 UTC+8, 2026-05-30 01:00:00 UTC+8, 2026-05-30 11:00:00 UTC+8]
symbol=BTC timeframe=1h pattern=PATTERN_003 name='Three Point Trendline Support' rule='strict_three_point_slope_support' score=98.6388 priority_fixed=false anchors=[2026-05-28 22:00:00 UTC+8, 2026-05-30 02:00:00 UTC+8, 2026-05-31 18:00:00 UTC+8]
symbol=BTC timeframe=1h pattern=PATTERN_003 name='Three Point Trendline Support' rule='strict_three_point_slope_support' score=96.8711 priority_fixed=false anchors=[2026-05-28 12:00:00 UTC+8, 2026-05-30 12:00:00 UTC+8, 2026-06-01 00:00:00 UTC+8]
symbol=BTC timeframe=1h pattern=PATTERN_004 name='Horizontal Support' rule='double_swing_low' score=98.1571 priority_fixed=false anchors=[2026-05-30 12:00:00 UTC+8, 2026-06-01 09:00:00 UTC+8]
symbol=BTC timeframe=1h pattern=PATTERN_004 name='Horizontal Support' rule='double_swing_low' score=99.3588 priority_fixed=false anchors=[2026-05-30 12:00:00 UTC+8, 2026-06-01 10:00:00 UTC+8]
symbol=BTC timeframe=1h pattern=PATTERN_003 name='Three Point Trendline Support' rule='strict_three_point_slope_support' score=95.9267 priority_fixed=false anchors=[2026-05-28 12:00:00 UTC+8, 2026-05-30 02:00:00 UTC+8, 2026-06-01 10:00:00 UTC+8]
symbol=BTC timeframe=1h pattern=PATTERN_004 name='Horizontal Support' rule='double_swing_low' score=99.6470 priority_fixed=false anchors=[2026-05-30 12:00:00 UTC+8, 2026-06-01 14:00:00 UTC+8]
symbol=BTC timeframe=1h pattern=PATTERN_004 name='Horizontal Support' rule='double_swing_low' score=99.9986 priority_fixed=false anchors=[2026-05-28 12:00:00 UTC+8, 2026-06-01 15:00:00 UTC+8]
symbol=BTC timeframe=1h pattern=PATTERN_004 name='Horizontal Support' rule='double_swing_low' score=98.6861 priority_fixed=false anchors=[2026-05-28 12:00:00 UTC+8, 2026-06-01 16:00:00 UTC+8]
symbol=BTC timeframe=1h pattern=PATTERN_004 name='Horizontal Support' rule='double_swing_low' score=99.2184 priority_fixed=false anchors=[2026-05-28 12:00:00 UTC+8, 2026-06-01 18:00:00 UTC+8]
symbol=BTC timeframe=1h pattern=PATTERN_004 name='Horizontal Support' rule='double_swing_low' score=97.2147 priority_fixed=false anchors=[2026-05-28 12:00:00 UTC+8, 2026-06-01 19:00:00 UTC+8]
symbol=BTC timeframe=1h pattern=PATTERN_004 name='Horizontal Support' rule='double_swing_low' score=97.0387 priority_fixed=false anchors=[2026-05-29 22:00:00 UTC+8, 2026-06-01 20:00:00 UTC+8]
symbol=BTC timeframe=1h pattern=PATTERN_006 name='Horizontal Resistance' rule='strict_two_swing_horizontal_resistance' score=73.4138 priority_fixed=true combination=FIXED_COMBO_002 combination_score=100.0000 matched=['second_anchor_open_below_ema99'] anchors=[2026-06-05 17:00:00 UTC+8, 2026-06-07 16:00:00 UTC+8]
symbol=BTC timeframe=1h pattern=PATTERN_003 name='Three Point Trendline Support' rule='strict_three_point_slope_support' score=97.7181 priority_fixed=false anchors=[2026-06-06 03:00:00 UTC+8, 2026-06-07 06:00:00 UTC+8, 2026-06-08 03:00:00 UTC+8]
symbol=BTC timeframe=1h pattern=PATTERN_006 name='Horizontal Resistance' rule='strict_two_swing_horizontal_resistance' score=82.5802 priority_fixed=true combination=FIXED_COMBO_002 combination_score=100.0000 matched=['second_anchor_open_below_ema99'] anchors=[2026-06-05 08:00:00 UTC+8, 2026-06-08 06:00:00 UTC+8]
symbol=BTC timeframe=1h pattern=PATTERN_007 name='Inverse Head and Shoulders' rule='confirmed_three_swing_low_inverse_head_shoulders' score=89.7773 priority_fixed=false anchors=[2026-06-04 10:00:00 UTC+8, 2026-06-06 03:00:00 UTC+8, 2026-06-08 03:00:00 UTC+8]
symbol=BTC timeframe=1h pattern=PATTERN_005 name='Three Point Trendline Resistance' rule='strict_three_point_descending_resistance' score=94.6957 priority_fixed=false anchors=[2026-06-04 22:00:00 UTC+8, 2026-06-08 06:00:00 UTC+8, 2026-06-08 23:00:00 UTC+8]
symbol=BTC timeframe=1h pattern=PATTERN_003 name='Three Point Trendline Support' rule='strict_three_point_slope_support' score=99.7815 priority_fixed=false anchors=[2026-06-06 03:00:00 UTC+8, 2026-06-08 03:00:00 UTC+8, 2026-06-09 08:00:00 UTC+8]
symbol=BTC timeframe=1h pattern=PATTERN_004 name='Horizontal Support' rule='double_swing_low' score=99.0839 priority_fixed=false anchors=[2026-06-08 03:00:00 UTC+8, 2026-06-09 22:00:00 UTC+8]
symbol=BTC timeframe=1h pattern=PATTERN_004 name='Horizontal Support' rule='double_swing_low' score=99.4200 priority_fixed=false anchors=[2026-06-08 03:00:00 UTC+8, 2026-06-09 23:00:00 UTC+8]
symbol=BTC timeframe=1h pattern=PATTERN_003 name='Three Point Trendline Support' rule='strict_three_point_slope_support' score=97.5854 priority_fixed=true combination=FIXED_COMBO_005 combination_score=33.3333 matched=['third_anchor_breakout_retest_support'] anchors=[2026-06-06 18:00:00 UTC+8, 2026-06-07 06:00:00 UTC+8, 2026-06-10 00:00:00 UTC+8]
symbol=BTC timeframe=1h pattern=PATTERN_003 name='Three Point Trendline Support' rule='strict_three_point_slope_support' score=98.9559 priority_fixed=true combination=FIXED_COMBO_005 combination_score=33.3333 matched=['third_anchor_breakout_retest_support'] anchors=[2026-06-06 03:00:00 UTC+8, 2026-06-10 00:00:00 UTC+8, 2026-06-10 13:00:00 UTC+8]
symbol=BTC timeframe=1h pattern=PATTERN_003 name='Three Point Trendline Support' rule='strict_three_point_slope_support' score=97.7927 priority_fixed=false anchors=[2026-06-06 03:00:00 UTC+8, 2026-06-10 17:00:00 UTC+8, 2026-06-11 06:00:00 UTC+8]
symbol=BTC timeframe=1h pattern=PATTERN_005 name='Three Point Trendline Resistance' rule='strict_three_point_descending_resistance' score=94.6601 priority_fixed=true combination=FIXED_COMBO_006 combination_score=100.0000 matched=['first_anchor_horizontal_resistance', 'third_anchor_open_below_ema99'] anchors=[2026-06-08 06:00:00 UTC+8, 2026-06-08 23:00:00 UTC+8, 2026-06-11 11:00:00 UTC+8]
symbol=BTC timeframe=1h pattern=PATTERN_005 name='Three Point Trendline Resistance' rule='strict_three_point_descending_resistance' score=94.1037 priority_fixed=true combination=FIXED_COMBO_006 combination_score=50.0000 matched=['first_anchor_horizontal_resistance'] anchors=[2026-06-08 06:00:00 UTC+8, 2026-06-08 23:00:00 UTC+8, 2026-06-11 19:00:00 UTC+8]
symbol=BTC timeframe=1h pattern=PATTERN_004 name='Horizontal Support' rule='breakout_retest' score=88.4551 priority_fixed=false anchors=[2026-06-09 13:00:00 UTC+8, 2026-06-12 01:00:00 UTC+8]
symbol=BTC timeframe=1h pattern=PATTERN_005 name='Three Point Trendline Resistance' rule='strict_three_point_descending_resistance' score=96.4481 priority_fixed=true combination=FIXED_COMBO_006 combination_score=50.0000 matched=['first_anchor_horizontal_resistance'] anchors=[2026-06-08 06:00:00 UTC+8, 2026-06-08 23:00:00 UTC+8, 2026-06-12 08:00:00 UTC+8]
symbol=BTC timeframe=1h pattern=PATTERN_002 name='Triangle' rule='ascending_triangle' score=64.5042 priority_fixed=false anchors=[2026-06-08 23:00:00 UTC+8, 2026-06-11 06:00:00 UTC+8, 2026-06-12 23:00:00 UTC+8, 2026-06-13 11:00:00 UTC+8, 2026-06-13 23:00:00 UTC+8]
symbol=BTC timeframe=1h pattern=PATTERN_003 name='Three Point Trendline Support' rule='strict_three_point_slope_support' score=99.2465 priority_fixed=false anchors=[2026-06-10 17:00:00 UTC+8, 2026-06-13 11:00:00 UTC+8, 2026-06-14 00:00:00 UTC+8]
symbol=BTC timeframe=1h pattern=PATTERN_004 name='Horizontal Support' rule='breakout_retest' score=89.2114 priority_fixed=false anchors=[2026-06-12 23:00:00 UTC+8, 2026-06-14 15:00:00 UTC+8]
symbol=BTC timeframe=1h pattern=PATTERN_003 name='Three Point Trendline Support' rule='strict_three_point_slope_support' score=95.8469 priority_fixed=true combination=FIXED_COMBO_005 combination_score=33.3333 matched=['third_anchor_breakout_retest_support'] anchors=[2026-06-10 17:00:00 UTC+8, 2026-06-11 06:00:00 UTC+8, 2026-06-14 15:00:00 UTC+8]
symbol=BTC timeframe=1h pattern=PATTERN_003 name='Three Point Trendline Support' rule='strict_three_point_slope_support' score=98.9900 priority_fixed=false anchors=[2026-06-10 17:00:00 UTC+8, 2026-06-11 06:00:00 UTC+8, 2026-06-14 22:00:00 UTC+8]
symbol=BTC timeframe=1h pattern=PATTERN_003 name='Three Point Trendline Support' rule='strict_three_point_slope_support' score=99.7545 priority_fixed=false anchors=[2026-06-10 17:00:00 UTC+8, 2026-06-11 06:00:00 UTC+8, 2026-06-15 01:00:00 UTC+8]
symbol=BTC timeframe=1h pattern=PATTERN_004 name='Horizontal Support' rule='breakout_retest' score=89.9786 priority_fixed=false anchors=[2026-06-15 11:00:00 UTC+8, 2026-06-17 09:00:00 UTC+8]
symbol=BTC timeframe=1h pattern=PATTERN_004 name='Horizontal Support' rule='breakout_retest' score=88.5934 priority_fixed=false anchors=[2026-06-15 11:00:00 UTC+8, 2026-06-17 15:00:00 UTC+8]
symbol=BTC timeframe=1h pattern=PATTERN_004 name='Horizontal Support' rule='breakout_retest' score=87.1749 priority_fixed=false anchors=[2026-06-14 18:00:00 UTC+8, 2026-06-17 16:00:00 UTC+8]
symbol=BTC timeframe=1h pattern=PATTERN_004 name='Horizontal Support' rule='breakout_retest' score=88.3209 priority_fixed=false anchors=[2026-06-14 18:00:00 UTC+8, 2026-06-17 18:00:00 UTC+8]
symbol=BTC timeframe=1h pattern=PATTERN_004 name='Horizontal Support' rule='breakout_retest' score=88.9218 priority_fixed=false anchors=[2026-06-14 18:00:00 UTC+8, 2026-06-17 19:00:00 UTC+8]
symbol=BTC timeframe=1h pattern=PATTERN_003 name='Three Point Trendline Support' rule='strict_three_point_slope_support' score=95.8802 priority_fixed=true combination=FIXED_COMBO_005 combination_score=33.3333 matched=['third_anchor_breakout_retest_support'] anchors=[2026-06-12 01:00:00 UTC+8, 2026-06-15 01:00:00 UTC+8, 2026-06-17 19:00:00 UTC+8]
symbol=BTC timeframe=1h pattern=PATTERN_003 name='Three Point Trendline Support' rule='strict_three_point_slope_support' score=95.6488 priority_fixed=false anchors=[2026-06-12 01:00:00 UTC+8, 2026-06-12 14:00:00 UTC+8, 2026-06-18 03:00:00 UTC+8]
symbol=BTC timeframe=1h pattern=PATTERN_008 name='Head and Shoulders Top' rule='confirmed_three_swing_high_head_shoulders_top' score=66.9609 priority_fixed=false anchors=[2026-06-15 11:00:00 UTC+8, 2026-06-15 23:00:00 UTC+8, 2026-06-18 00:00:00 UTC+8]
symbol=BTC timeframe=1h pattern=PATTERN_003 name='Three Point Trendline Support' rule='strict_three_point_slope_support' score=95.3752 priority_fixed=false anchors=[2026-06-12 01:00:00 UTC+8, 2026-06-12 14:00:00 UTC+8, 2026-06-18 06:00:00 UTC+8]
symbol=BTC timeframe=1h pattern=PATTERN_006 name='Horizontal Resistance' rule='strict_two_swing_horizontal_resistance' score=90.3591 priority_fixed=false anchors=[2026-06-18 16:00:00 UTC+8, 2026-06-21 12:00:00 UTC+8]
symbol=BTC timeframe=1h pattern=PATTERN_003 name='Three Point Trendline Support' rule='strict_three_point_slope_support' score=94.7357 priority_fixed=true combination=FIXED_COMBO_005 combination_score=33.3333 matched=['first_anchor_double_bottom_support'] anchors=[2026-06-19 17:00:00 UTC+8, 2026-06-20 22:00:00 UTC+8, 2026-06-21 16:00:00 UTC+8]
symbol=BTC timeframe=1h pattern=PATTERN_005 name='Three Point Trendline Resistance' rule='strict_three_point_descending_resistance' score=90.4360 priority_fixed=false anchors=[2026-06-16 16:00:00 UTC+8, 2026-06-18 00:00:00 UTC+8, 2026-06-21 19:00:00 UTC+8]
symbol=BTC timeframe=1h pattern=PATTERN_003 name='Three Point Trendline Support' rule='strict_three_point_slope_support' score=97.2302 priority_fixed=true combination=FIXED_COMBO_005 combination_score=33.3333 matched=['first_anchor_double_bottom_support'] anchors=[2026-06-19 17:00:00 UTC+8, 2026-06-20 22:00:00 UTC+8, 2026-06-21 20:00:00 UTC+8]
symbol=BTC timeframe=1h pattern=PATTERN_003 name='Three Point Trendline Support' rule='strict_three_point_slope_support' score=96.7536 priority_fixed=true combination=FIXED_COMBO_005 combination_score=33.3333 matched=['third_anchor_breakout_retest_support'] anchors=[2026-06-20 01:00:00 UTC+8, 2026-06-20 22:00:00 UTC+8, 2026-06-22 07:00:00 UTC+8]
symbol=BTC timeframe=1h pattern=PATTERN_004 name='Horizontal Support' rule='double_swing_low' score=96.9541 priority_fixed=false anchors=[2026-06-20 22:00:00 UTC+8, 2026-06-23 13:00:00 UTC+8]
symbol=BTC timeframe=1h pattern=PATTERN_004 name='Horizontal Support' rule='double_swing_low' score=96.5550 priority_fixed=false anchors=[2026-06-20 22:00:00 UTC+8, 2026-06-23 14:00:00 UTC+8]
symbol=BTC timeframe=1h pattern=PATTERN_005 name='Three Point Trendline Resistance' rule='strict_three_point_descending_resistance' score=92.1145 priority_fixed=true combination=FIXED_COMBO_006 combination_score=50.0000 matched=['third_anchor_open_below_ema99'] anchors=[2026-06-22 22:00:00 UTC+8, 2026-06-24 19:00:00 UTC+8, 2026-06-25 15:00:00 UTC+8]
symbol=BTC timeframe=1h pattern=PATTERN_005 name='Three Point Trendline Resistance' rule='strict_three_point_descending_resistance' score=94.0853 priority_fixed=true combination=FIXED_COMBO_006 combination_score=50.0000 matched=['third_anchor_open_below_ema99'] anchors=[2026-06-22 22:00:00 UTC+8, 2026-06-24 19:00:00 UTC+8, 2026-06-26 15:00:00 UTC+8]
symbol=BTC timeframe=1h pattern=PATTERN_007 name='Inverse Head and Shoulders' rule='confirmed_three_swing_low_inverse_head_shoulders' score=49.4407 priority_fixed=false anchors=[2026-06-25 01:00:00 UTC+8, 2026-06-25 21:00:00 UTC+8, 2026-06-26 21:00:00 UTC+8]
symbol=BTC timeframe=1h pattern=PATTERN_003 name='Three Point Trendline Support' rule='strict_three_point_slope_support' score=94.8237 priority_fixed=false anchors=[2026-06-25 21:00:00 UTC+8, 2026-06-26 11:00:00 UTC+8, 2026-06-28 06:00:00 UTC+8]
symbol=BTC timeframe=1h pattern=PATTERN_003 name='Three Point Trendline Support' rule='strict_three_point_slope_support' score=96.7314 priority_fixed=false anchors=[2026-06-25 21:00:00 UTC+8, 2026-06-26 11:00:00 UTC+8, 2026-06-28 13:00:00 UTC+8]
symbol=BTC timeframe=1h pattern=PATTERN_003 name='Three Point Trendline Support' rule='strict_three_point_slope_support' score=95.9555 priority_fixed=false anchors=[2026-06-25 21:00:00 UTC+8, 2026-06-28 06:00:00 UTC+8, 2026-06-28 18:00:00 UTC+8]
symbol=BTC timeframe=1h pattern=PATTERN_003 name='Three Point Trendline Support' rule='strict_three_point_slope_support' score=99.7558 priority_fixed=false anchors=[2026-06-25 21:00:00 UTC+8, 2026-06-26 21:00:00 UTC+8, 2026-06-29 03:00:00 UTC+8]
symbol=BTC timeframe=1h pattern=PATTERN_003 name='Three Point Trendline Support' rule='strict_three_point_slope_support' score=98.0486 priority_fixed=false anchors=[2026-06-25 21:00:00 UTC+8, 2026-06-26 11:00:00 UTC+8, 2026-06-29 10:00:00 UTC+8]
symbol=BTC timeframe=1h pattern=PATTERN_003 name='Three Point Trendline Support' rule='strict_three_point_slope_support' score=99.7046 priority_fixed=false anchors=[2026-06-25 21:00:00 UTC+8, 2026-06-29 10:00:00 UTC+8, 2026-06-29 22:00:00 UTC+8]
symbol=BTC timeframe=1h pattern=PATTERN_003 name='Three Point Trendline Support' rule='strict_three_point_slope_support' score=97.8638 priority_fixed=false anchors=[2026-06-25 21:00:00 UTC+8, 2026-06-26 21:00:00 UTC+8, 2026-06-30 13:00:00 UTC+8]
symbol=BTC timeframe=1h pattern=PATTERN_002 name='Triangle' rule='ascending_triangle' score=63.2351 priority_fixed=false anchors=[2026-06-26 11:00:00 UTC+8, 2026-06-27 23:00:00 UTC+8, 2026-06-29 10:00:00 UTC+8, 2026-06-30 01:00:00 UTC+8, 2026-06-30 16:00:00 UTC+8]
symbol=BTC timeframe=1h pattern=PATTERN_003 name='Three Point Trendline Support' rule='strict_three_point_slope_support' score=99.8333 priority_fixed=false anchors=[2026-06-25 21:00:00 UTC+8, 2026-06-29 22:00:00 UTC+8, 2026-06-30 16:00:00 UTC+8]
symbol=BTC timeframe=1h pattern=PATTERN_004 name='Horizontal Support' rule='double_swing_low' score=98.8808 priority_fixed=false anchors=[2026-06-26 11:00:00 UTC+8, 2026-06-30 20:00:00 UTC+8]
symbol=BTC timeframe=1h pattern=PATTERN_004 name='Horizontal Support' rule='double_swing_low' score=99.2045 priority_fixed=false anchors=[2026-06-25 21:00:00 UTC+8, 2026-06-30 21:00:00 UTC+8]
symbol=BTC timeframe=1h pattern=PATTERN_004 name='Horizontal Support' rule='double_swing_low' score=98.7088 priority_fixed=false anchors=[2026-06-25 21:00:00 UTC+8, 2026-06-30 23:00:00 UTC+8]
symbol=BTC timeframe=1h pattern=PATTERN_004 name='Horizontal Support' rule='double_swing_low' score=96.7440 priority_fixed=false anchors=[2026-06-25 21:00:00 UTC+8, 2026-07-01 09:00:00 UTC+8]
symbol=BTC timeframe=1h pattern=PATTERN_003 name='Three Point Trendline Support' rule='strict_three_point_slope_support' score=98.4724 priority_fixed=false anchors=[2026-06-25 21:00:00 UTC+8, 2026-06-30 23:00:00 UTC+8, 2026-07-01 20:00:00 UTC+8]
symbol=BTC timeframe=1h pattern=PATTERN_005 name='Three Point Trendline Resistance' rule='strict_three_point_descending_resistance' score=94.6082 priority_fixed=true combination=FIXED_COMBO_006 combination_score=50.0000 matched=['third_anchor_open_below_ema99'] anchors=[2026-06-27 23:00:00 UTC+8, 2026-06-29 20:00:00 UTC+8, 2026-07-01 23:00:00 UTC+8]
symbol=BTC timeframe=1h pattern=PATTERN_003 name='Three Point Trendline Support' rule='strict_three_point_slope_support' score=95.7791 priority_fixed=true combination=FIXED_COMBO_005 combination_score=33.3333 matched=['first_anchor_double_bottom_support'] anchors=[2026-07-01 20:00:00 UTC+8, 2026-07-03 17:00:00 UTC+8, 2026-07-04 09:00:00 UTC+8]
symbol=BTC timeframe=1h pattern=PATTERN_004 name='Horizontal Support' rule='breakout_retest' score=87.4734 priority_fixed=false anchors=[2026-07-02 22:00:00 UTC+8, 2026-07-04 14:00:00 UTC+8]
symbol=BTC timeframe=1h pattern=PATTERN_003 name='Three Point Trendline Support' rule='strict_three_point_slope_support' score=96.6310 priority_fixed=true combination=FIXED_COMBO_005 combination_score=66.6667 matched=['first_anchor_double_bottom_support', 'third_anchor_breakout_retest_support'] anchors=[2026-07-01 09:00:00 UTC+8, 2026-07-01 20:00:00 UTC+8, 2026-07-04 14:00:00 UTC+8]
symbol=BTC timeframe=1h pattern=PATTERN_003 name='Three Point Trendline Support' rule='strict_three_point_slope_support' score=95.9965 priority_fixed=true combination=FIXED_COMBO_005 combination_score=33.3333 matched=['first_anchor_double_bottom_support'] anchors=[2026-07-01 09:00:00 UTC+8, 2026-07-01 20:00:00 UTC+8, 2026-07-04 17:00:00 UTC+8]
symbol=BTC timeframe=1h pattern=PATTERN_003 name='Three Point Trendline Support' rule='strict_three_point_slope_support' score=99.7786 priority_fixed=true combination=FIXED_COMBO_005 combination_score=33.3333 matched=['first_anchor_double_bottom_support'] anchors=[2026-07-01 09:00:00 UTC+8, 2026-07-01 20:00:00 UTC+8, 2026-07-05 10:00:00 UTC+8]
symbol=BTC timeframe=1h pattern=PATTERN_003 name='Three Point Trendline Support' rule='strict_three_point_slope_support' score=98.5856 priority_fixed=true combination=FIXED_COMBO_005 combination_score=33.3333 matched=['first_anchor_double_bottom_support'] anchors=[2026-07-01 09:00:00 UTC+8, 2026-07-01 20:00:00 UTC+8, 2026-07-05 17:00:00 UTC+8]
symbol=BTC timeframe=1h pattern=PATTERN_003 name='Three Point Trendline Support' rule='strict_three_point_slope_support' score=97.7951 priority_fixed=true combination=FIXED_COMBO_005 combination_score=33.3333 matched=['first_anchor_double_bottom_support'] anchors=[2026-07-01 09:00:00 UTC+8, 2026-07-01 20:00:00 UTC+8, 2026-07-06 01:00:00 UTC+8]
symbol=BTC timeframe=1h pattern=PATTERN_008 name='Head and Shoulders Top' rule='confirmed_three_swing_high_head_shoulders_top' score=80.7878 priority_fixed=false anchors=[2026-07-04 05:00:00 UTC+8, 2026-07-05 03:00:00 UTC+8, 2026-07-05 23:00:00 UTC+8]
symbol=BTC timeframe=1h pattern=PATTERN_003 name='Three Point Trendline Support' rule='strict_three_point_slope_support' score=97.9164 priority_fixed=true combination=FIXED_COMBO_005 combination_score=33.3333 matched=['first_anchor_double_bottom_support'] anchors=[2026-07-01 09:00:00 UTC+8, 2026-07-01 20:00:00 UTC+8, 2026-07-06 05:00:00 UTC+8]
symbol=BTC timeframe=1h pattern=PATTERN_003 name='Three Point Trendline Support' rule='strict_three_point_slope_support' score=96.0038 priority_fixed=true combination=FIXED_COMBO_005 combination_score=66.6667 matched=['first_anchor_double_bottom_support', 'third_anchor_breakout_retest_support'] anchors=[2026-07-01 09:00:00 UTC+8, 2026-07-01 20:00:00 UTC+8, 2026-07-06 21:00:00 UTC+8]
symbol=BTC timeframe=1h pattern=PATTERN_003 name='Three Point Trendline Support' rule='strict_three_point_slope_support' score=96.1995 priority_fixed=false anchors=[2026-07-02 08:00:00 UTC+8, 2026-07-06 21:00:00 UTC+8, 2026-07-08 17:00:00 UTC+8]
symbol=BTC timeframe=1h pattern=PATTERN_003 name='Three Point Trendline Support' rule='strict_three_point_slope_support' score=95.0936 priority_fixed=false anchors=[2026-07-02 15:00:00 UTC+8, 2026-07-06 21:00:00 UTC+8, 2026-07-08 23:00:00 UTC+8]
symbol=BTC timeframe=1h pattern=PATTERN_003 name='Three Point Trendline Support' rule='strict_three_point_slope_support' score=97.5253 priority_fixed=false anchors=[2026-07-03 00:00:00 UTC+8, 2026-07-08 23:00:00 UTC+8, 2026-07-09 10:00:00 UTC+8]
symbol=BTC timeframe=1h pattern=PATTERN_005 name='Three Point Trendline Resistance' rule='strict_three_point_descending_resistance' score=96.6082 priority_fixed=false anchors=[2026-07-07 05:00:00 UTC+8, 2026-07-08 00:00:00 UTC+8, 2026-07-09 15:00:00 UTC+8]
symbol=BTC timeframe=1h pattern=PATTERN_006 name='Horizontal Resistance' rule='strict_two_swing_horizontal_resistance' score=87.1419 priority_fixed=false anchors=[2026-07-07 05:00:00 UTC+8, 2026-07-10 21:00:00 UTC+8]
symbol=BTC timeframe=1h pattern=PATTERN_004 name='Horizontal Support' rule='breakout_retest' score=86.9745 priority_fixed=false anchors=[2026-07-10 02:00:00 UTC+8, 2026-07-12 14:00:00 UTC+8]
symbol=BTC timeframe=1h pattern=PATTERN_004 name='Horizontal Support' rule='double_swing_low' score=99.5736 priority_fixed=true combination=FIXED_COMBO_001 combination_score=100.0000 matched=['second_anchor_close_above_ema99'] anchors=[2026-07-11 04:00:00 UTC+8, 2026-07-13 06:00:00 UTC+8]
symbol=BTC timeframe=1h pattern=PATTERN_004 name='Horizontal Support' rule='double_swing_low' score=98.0138 priority_fixed=true combination=FIXED_COMBO_001 combination_score=100.0000 matched=['second_anchor_close_above_ema99'] anchors=[2026-07-11 04:00:00 UTC+8, 2026-07-13 08:00:00 UTC+8]
symbol=BTC timeframe=1h pattern=PATTERN_004 name='Horizontal Support' rule='breakout_retest' score=87.8074 priority_fixed=false anchors=[2026-07-10 02:00:00 UTC+8, 2026-07-13 09:00:00 UTC+8]
symbol=BTC timeframe=1h pattern=PATTERN_004 name='Horizontal Support' rule='breakout_retest' score=88.8038 priority_fixed=false anchors=[2026-07-09 15:00:00 UTC+8, 2026-07-13 10:00:00 UTC+8]
symbol=BTC timeframe=1h pattern=PATTERN_005 name='Three Point Trendline Resistance' rule='strict_three_point_descending_resistance' score=97.7232 priority_fixed=true combination=FIXED_COMBO_006 combination_score=50.0000 matched=['third_anchor_open_below_ema99'] anchors=[2026-07-07 05:00:00 UTC+8, 2026-07-11 22:00:00 UTC+8, 2026-07-13 08:00:00 UTC+8]
symbol=BTC timeframe=1h pattern=PATTERN_003 name='Three Point Trendline Support' rule='strict_three_point_slope_support' score=98.7069 priority_fixed=true combination=FIXED_COMBO_005 combination_score=66.6667 matched=['first_anchor_double_bottom_support', 'third_anchor_breakout_retest_support'] anchors=[2026-07-08 23:00:00 UTC+8, 2026-07-09 10:00:00 UTC+8, 2026-07-13 13:00:00 UTC+8]
symbol=BTC timeframe=1h pattern=PATTERN_003 name='Three Point Trendline Support' rule='strict_three_point_slope_support' score=97.9745 priority_fixed=true combination=FIXED_COMBO_005 combination_score=66.6667 matched=['first_anchor_double_bottom_support', 'third_anchor_breakout_retest_support'] anchors=[2026-07-08 23:00:00 UTC+8, 2026-07-09 10:00:00 UTC+8, 2026-07-13 21:00:00 UTC+8]
symbol=BTC timeframe=1h pattern=PATTERN_003 name='Three Point Trendline Support' rule='strict_three_point_slope_support' score=97.1547 priority_fixed=true combination=FIXED_COMBO_005 combination_score=66.6667 matched=['first_anchor_double_bottom_support', 'third_anchor_breakout_retest_support'] anchors=[2026-07-08 23:00:00 UTC+8, 2026-07-09 10:00:00 UTC+8, 2026-07-14 02:00:00 UTC+8]
symbol=BTC timeframe=1h pattern=PATTERN_003 name='Three Point Trendline Support' rule='strict_three_point_slope_support' score=97.4147 priority_fixed=true combination=FIXED_COMBO_005 combination_score=33.3333 matched=['first_anchor_double_bottom_support'] anchors=[2026-07-08 23:00:00 UTC+8, 2026-07-09 10:00:00 UTC+8, 2026-07-14 07:00:00 UTC+8]
symbol=BTC timeframe=1h pattern=PATTERN_004 name='Horizontal Support' rule='breakout_retest' score=89.3381 priority_fixed=false anchors=[2026-07-13 08:00:00 UTC+8, 2026-07-15 10:00:00 UTC+8]
symbol=BTC timeframe=1h pattern=PATTERN_004 name='Horizontal Support' rule='breakout_retest' score=89.2854 priority_fixed=false anchors=[2026-07-13 08:00:00 UTC+8, 2026-07-15 15:00:00 UTC+8]
symbol=BTC timeframe=1h pattern=PATTERN_004 name='Horizontal Support' rule='breakout_retest' score=89.1488 priority_fixed=false anchors=[2026-07-13 08:00:00 UTC+8, 2026-07-16 08:00:00 UTC+8]
symbol=BTC timeframe=1h pattern=PATTERN_004 name='Horizontal Support' rule='breakout_retest' score=89.2373 priority_fixed=false anchors=[2026-07-13 08:00:00 UTC+8, 2026-07-16 09:00:00 UTC+8]
symbol=BTC timeframe=1h pattern=PATTERN_004 name='Horizontal Support' rule='breakout_retest' score=89.3444 priority_fixed=false anchors=[2026-07-13 08:00:00 UTC+8, 2026-07-17 07:00:00 UTC+8]
symbol=BTC timeframe=1h pattern=PATTERN_008 name='Head and Shoulders Top' rule='confirmed_three_swing_high_head_shoulders_top' score=67.4243 priority_fixed=true combination=FIXED_COMBO_004 combination_score=50.0000 matched=['head_horizontal_resistance'] anchors=[2026-07-11 22:00:00 UTC+8, 2026-07-15 23:00:00 UTC+8, 2026-07-18 02:00:00 UTC+8]
symbol=BTC timeframe=1h pattern=PATTERN_005 name='Three Point Trendline Resistance' rule='strict_three_point_descending_resistance' score=92.5569 priority_fixed=true combination=FIXED_COMBO_006 combination_score=50.0000 matched=['first_anchor_horizontal_resistance'] anchors=[2026-07-15 23:00:00 UTC+8, 2026-07-18 02:00:00 UTC+8, 2026-07-18 15:00:00 UTC+8]
symbol=BTC timeframe=1h pattern=PATTERN_005 name='Three Point Trendline Resistance' rule='strict_three_point_descending_resistance' score=92.2371 priority_fixed=false anchors=[2026-07-16 13:00:00 UTC+8, 2026-07-16 23:00:00 UTC+8, 2026-07-18 20:00:00 UTC+8]
symbol=BTC timeframe=1h pattern=PATTERN_004 name='Horizontal Support' rule='breakout_retest' score=87.2476 priority_fixed=false anchors=[2026-07-16 23:00:00 UTC+8, 2026-07-19 11:00:00 UTC+8]
symbol=BTC timeframe=1h pattern=PATTERN_004 name='Horizontal Support' rule='breakout_retest' score=87.7918 priority_fixed=false anchors=[2026-07-16 23:00:00 UTC+8, 2026-07-19 12:00:00 UTC+8]
symbol=BTC timeframe=1h pattern=PATTERN_003 name='Three Point Trendline Support' rule='strict_three_point_slope_support' score=99.2254 priority_fixed=true combination=FIXED_COMBO_005 combination_score=33.3333 matched=['third_anchor_breakout_retest_support'] anchors=[2026-07-17 16:00:00 UTC+8, 2026-07-18 21:00:00 UTC+8, 2026-07-19 12:00:00 UTC+8]
symbol=BTC timeframe=1h pattern=PATTERN_008 name='Head and Shoulders Top' rule='confirmed_three_swing_high_head_shoulders_top' score=76.5493 priority_fixed=true combination=FIXED_COMBO_004 combination_score=50.0000 matched=['head_horizontal_resistance'] anchors=[2026-07-14 23:00:00 UTC+8, 2026-07-15 23:00:00 UTC+8, 2026-07-19 10:00:00 UTC+8]
symbol=BTC timeframe=1h pattern=PATTERN_004 name='Horizontal Support' rule='breakout_retest' score=89.4805 priority_fixed=false anchors=[2026-07-16 23:00:00 UTC+8, 2026-07-19 17:00:00 UTC+8]
symbol=BTC timeframe=1h pattern=PATTERN_004 name='Horizontal Support' rule='breakout_retest' score=88.1578 priority_fixed=false anchors=[2026-07-16 23:00:00 UTC+8, 2026-07-19 18:00:00 UTC+8]
symbol=BTC timeframe=1h pattern=PATTERN_004 name='Horizontal Support' rule='breakout_retest' score=87.8731 priority_fixed=false anchors=[2026-07-18 02:00:00 UTC+8, 2026-07-19 19:00:00 UTC+8]
symbol=BTC timeframe=1h pattern=PATTERN_004 name='Horizontal Support' rule='breakout_retest' score=87.8107 priority_fixed=false anchors=[2026-07-18 02:00:00 UTC+8, 2026-07-19 20:00:00 UTC+8]
symbol=BTC timeframe=1h pattern=PATTERN_004 name='Horizontal Support' rule='breakout_retest' score=88.6794 priority_fixed=false anchors=[2026-07-18 02:00:00 UTC+8, 2026-07-20 02:00:00 UTC+8]
symbol=BTC timeframe=1h pattern=PATTERN_005 name='Three Point Trendline Resistance' rule='strict_three_point_descending_resistance' score=91.2604 priority_fixed=true combination=FIXED_COMBO_006 combination_score=50.0000 matched=['first_anchor_horizontal_resistance'] anchors=[2026-07-15 23:00:00 UTC+8, 2026-07-19 10:00:00 UTC+8, 2026-07-20 01:00:00 UTC+8]
symbol=BTC timeframe=1h pattern=PATTERN_003 name='Three Point Trendline Support' rule='strict_three_point_slope_support' score=97.4121 priority_fixed=true combination=FIXED_COMBO_005 combination_score=66.6667 matched=['all_three_anchors_close_above_ema99', 'third_anchor_breakout_retest_support'] anchors=[2026-07-18 08:00:00 UTC+8, 2026-07-18 21:00:00 UTC+8, 2026-07-20 02:00:00 UTC+8]
symbol=BTC timeframe=1h pattern=PATTERN_006 name='Horizontal Resistance' rule='strict_two_swing_horizontal_resistance' score=77.4009 priority_fixed=false anchors=[2026-07-16 13:00:00 UTC+8, 2026-07-20 08:00:00 UTC+8]
