symbol=BTC timeframe=1h pattern=PATTERN_004 name='Horizontal Support' rule='double_swing_low' score=98.8652 anchors=[2026-04-15 23:00:00 UTC+8, 2026-04-20 06:00:00 UTC+8]
symbol=BTC timeframe=1h pattern=PATTERN_005 name='Three Point Trendline Resistance' rule='strict_three_point_descending_resistance' score=96.0714 anchors=[2026-04-18 10:00:00 UTC+8, 2026-04-19 21:00:00 UTC+8, 2026-04-20 15:00:00 UTC+8]
symbol=BTC timeframe=1h pattern=PATTERN_002 name='Triangle' rule='symmetrical_triangle' score=72.6711 anchors=[2026-04-18 00:00:00 UTC+8, 2026-04-20 13:00:00 UTC+8, 2026-04-21 04:00:00 UTC+8, 2026-04-21 11:00:00 UTC+8, 2026-04-21 15:00:00 UTC+8]
symbol=BTC timeframe=1h pattern=PATTERN_007 name='Inverse Head and Shoulders' rule='confirmed_three_swing_low_inverse_head_shoulders' score=75.6701 anchors=[2026-04-19 15:00:00 UTC+8, 2026-04-20 08:00:00 UTC+8, 2026-04-22 03:00:00 UTC+8]
symbol=BTC timeframe=1h pattern=PATTERN_006 name='Horizontal Resistance' rule='strict_two_swing_horizontal_resistance' score=91.8618 anchors=[2026-04-18 00:00:00 UTC+8, 2026-04-22 13:00:00 UTC+8]
symbol=BTC timeframe=1h pattern=PATTERN_004 name='Horizontal Support' rule='breakout_retest' score=89.6525 anchors=[2026-04-18 00:00:00 UTC+8, 2026-04-23 11:00:00 UTC+8]
symbol=BTC timeframe=1h pattern=PATTERN_008 name='Head and Shoulders Top' rule='confirmed_three_swing_high_head_shoulders_top' score=58.4653 anchors=[2026-04-18 00:00:00 UTC+8, 2026-04-23 00:00:00 UTC+8, 2026-04-23 23:00:00 UTC+8]
symbol=BTC timeframe=1h pattern=PATTERN_002 name='Triangle' rule='symmetrical_triangle' score=70.4552 anchors=[2026-04-22 03:00:00 UTC+8, 2026-04-23 00:00:00 UTC+8, 2026-04-24 01:00:00 UTC+8, 2026-04-24 10:00:00 UTC+8, 2026-04-24 12:00:00 UTC+8]
symbol=BTC timeframe=1h pattern=PATTERN_003 name='Three Point Trendline Support' rule='strict_three_point_slope_support' score=99.2581 anchors=[2026-04-22 03:00:00 UTC+8, 2026-04-23 18:00:00 UTC+8, 2026-04-24 13:00:00 UTC+8]
symbol=BTC timeframe=1h pattern=PATTERN_004 name='Horizontal Support' rule='breakout_retest' score=87.0715 anchors=[2026-04-21 16:00:00 UTC+8, 2026-04-25 06:00:00 UTC+8]
symbol=BTC timeframe=1h pattern=PATTERN_002 name='Triangle' rule='symmetrical_triangle' score=74.7258 anchors=[2026-04-23 18:00:00 UTC+8, 2026-04-24 21:00:00 UTC+8, 2026-04-25 06:00:00 UTC+8, 2026-04-25 14:00:00 UTC+8, 2026-04-25 15:00:00 UTC+8]
symbol=BTC timeframe=1h pattern=PATTERN_003 name='Three Point Trendline Support' rule='strict_three_point_slope_support' score=98.9641 anchors=[2026-04-20 08:00:00 UTC+8, 2026-04-22 03:00:00 UTC+8, 2026-04-26 00:00:00 UTC+8]
symbol=BTC timeframe=1h pattern=PATTERN_005 name='Three Point Trendline Resistance' rule='strict_three_point_descending_resistance' score=93.6864 anchors=[2026-04-23 00:00:00 UTC+8, 2026-04-24 21:00:00 UTC+8, 2026-04-26 07:00:00 UTC+8]
symbol=BTC timeframe=1h pattern=PATTERN_002 name='Triangle' rule='descending_triangle' score=56.1982 anchors=[2026-04-23 23:00:00 UTC+8, 2026-04-24 01:00:00 UTC+8, 2026-04-24 10:00:00 UTC+8, 2026-04-26 00:00:00 UTC+8, 2026-04-26 13:00:00 UTC+8]
symbol=BTC timeframe=1h pattern=PATTERN_002 name='Triangle' rule='symmetrical_triangle' score=64.6740 anchors=[2026-04-23 00:00:00 UTC+8, 2026-04-26 11:00:00 UTC+8, 2026-04-26 19:00:00 UTC+8, 2026-04-26 20:00:00 UTC+8, 2026-04-27 00:00:00 UTC+8, 2026-04-27 01:00:00 UTC+8]
symbol=BTC timeframe=1h pattern=PATTERN_002 name='Triangle' rule='ascending_triangle' score=73.6998 anchors=[2026-04-24 21:00:00 UTC+8, 2026-04-26 11:00:00 UTC+8, 2026-04-26 13:00:00 UTC+8, 2026-04-26 20:00:00 UTC+8, 2026-04-26 22:00:00 UTC+8, 2026-04-27 01:00:00 UTC+8]
symbol=BTC timeframe=1h pattern=PATTERN_006 name='Horizontal Resistance' rule='strict_two_swing_horizontal_resistance' score=88.7334 anchors=[2026-04-23 00:00:00 UTC+8, 2026-04-27 09:00:00 UTC+8]
symbol=BTC timeframe=1h pattern=PATTERN_004 name='Horizontal Support' rule='breakout_retest' score=89.8637 anchors=[2026-04-25 18:00:00 UTC+8, 2026-04-27 14:00:00 UTC+8]
symbol=BTC timeframe=1h pattern=PATTERN_008 name='Head and Shoulders Top' rule='confirmed_three_swing_high_head_shoulders_top' score=71.7626 anchors=[2026-04-22 13:00:00 UTC+8, 2026-04-27 09:00:00 UTC+8, 2026-04-27 22:00:00 UTC+8]
symbol=BTC timeframe=1h pattern=PATTERN_002 name='Triangle' rule='descending_triangle' score=69.8179 anchors=[2026-04-24 01:00:00 UTC+8, 2026-04-27 09:00:00 UTC+8, 2026-04-28 03:00:00 UTC+8, 2026-04-28 13:00:00 UTC+8, 2026-04-28 15:00:00 UTC+8, 2026-04-28 16:00:00 UTC+8]
symbol=BTC timeframe=1h pattern=PATTERN_004 name='Horizontal Support' rule='breakout_retest' score=89.5858 anchors=[2026-04-29 18:00:00 UTC+8, 2026-05-02 04:00:00 UTC+8]
symbol=BTC timeframe=1h pattern=PATTERN_002 name='Triangle' rule='symmetrical_triangle' score=70.1343 anchors=[2026-04-30 13:00:00 UTC+8, 2026-05-01 21:00:00 UTC+8, 2026-05-02 19:00:00 UTC+8, 2026-05-03 00:00:00 UTC+8, 2026-05-03 01:00:00 UTC+8]
symbol=BTC timeframe=1h pattern=PATTERN_003 name='Three Point Trendline Support' rule='strict_three_point_slope_support' score=99.7053 anchors=[2026-04-30 02:00:00 UTC+8, 2026-04-30 13:00:00 UTC+8, 2026-05-03 14:00:00 UTC+8]
symbol=BTC timeframe=1h pattern=PATTERN_008 name='Head and Shoulders Top' rule='confirmed_three_swing_high_head_shoulders_top' score=73.1265 anchors=[2026-05-01 21:00:00 UTC+8, 2026-05-03 05:00:00 UTC+8, 2026-05-03 20:00:00 UTC+8]
symbol=BTC timeframe=1h pattern=PATTERN_003 name='Three Point Trendline Support' rule='strict_three_point_slope_support' score=99.2443 anchors=[2026-04-30 02:00:00 UTC+8, 2026-04-30 13:00:00 UTC+8, 2026-05-04 08:00:00 UTC+8]
symbol=BTC timeframe=1h pattern=PATTERN_002 name='Triangle' rule='symmetrical_triangle' score=62.6912 anchors=[2026-05-05 07:00:00 UTC+8, 2026-05-06 19:00:00 UTC+8, 2026-05-06 22:00:00 UTC+8, 2026-05-07 00:00:00 UTC+8, 2026-05-07 02:00:00 UTC+8]
symbol=BTC timeframe=1h pattern=PATTERN_004 name='Horizontal Support' rule='double_swing_low' score=99.6758 anchors=[2026-05-05 17:00:00 UTC+8, 2026-05-07 21:00:00 UTC+8]
symbol=BTC timeframe=1h pattern=PATTERN_003 name='Three Point Trendline Support' rule='strict_three_point_slope_support' score=99.8907 anchors=[2026-05-01 14:00:00 UTC+8, 2026-05-04 18:00:00 UTC+8, 2026-05-08 01:00:00 UTC+8]
symbol=BTC timeframe=1h pattern=PATTERN_003 name='Three Point Trendline Support' rule='strict_three_point_slope_support' score=99.9714 anchors=[2026-05-03 14:00:00 UTC+8, 2026-05-04 08:00:00 UTC+8, 2026-05-08 21:00:00 UTC+8]
symbol=BTC timeframe=1h pattern=PATTERN_008 name='Head and Shoulders Top' rule='confirmed_three_swing_high_head_shoulders_top' score=77.5758 anchors=[2026-05-04 12:00:00 UTC+8, 2026-05-06 19:00:00 UTC+8, 2026-05-08 20:00:00 UTC+8]
symbol=BTC timeframe=1h pattern=PATTERN_002 name='Triangle' rule='symmetrical_triangle' score=69.5750 anchors=[2026-05-06 19:00:00 UTC+8, 2026-05-08 15:00:00 UTC+8, 2026-05-09 12:00:00 UTC+8, 2026-05-09 15:00:00 UTC+8, 2026-05-09 16:00:00 UTC+8, 2026-05-09 18:00:00 UTC+8]
symbol=BTC timeframe=1h pattern=PATTERN_002 name='Triangle' rule='ascending_triangle' score=68.9094 anchors=[2026-05-07 20:00:00 UTC+8, 2026-05-08 15:00:00 UTC+8, 2026-05-10 02:00:00 UTC+8, 2026-05-10 14:00:00 UTC+8, 2026-05-10 19:00:00 UTC+8]
symbol=BTC timeframe=1h pattern=PATTERN_002 name='Triangle' rule='symmetrical_triangle' score=83.0198 anchors=[2026-05-06 19:00:00 UTC+8, 2026-05-08 15:00:00 UTC+8, 2026-05-10 02:00:00 UTC+8, 2026-05-10 09:00:00 UTC+8, 2026-05-10 11:00:00 UTC+8, 2026-05-10 14:00:00 UTC+8]
symbol=BTC timeframe=1h pattern=PATTERN_006 name='Horizontal Resistance' rule='strict_two_swing_horizontal_resistance' score=78.8183 anchors=[2026-05-07 15:00:00 UTC+8, 2026-05-11 01:00:00 UTC+8]
symbol=BTC timeframe=1h pattern=PATTERN_003 name='Three Point Trendline Support' rule='strict_three_point_slope_support' score=99.4057 anchors=[2026-05-04 18:00:00 UTC+8, 2026-05-08 21:00:00 UTC+8, 2026-05-11 04:00:00 UTC+8]
symbol=BTC timeframe=1h pattern=PATTERN_004 name='Horizontal Support' rule='breakout_retest' score=88.6566 anchors=[2026-05-08 04:00:00 UTC+8, 2026-05-11 11:00:00 UTC+8]
symbol=BTC timeframe=1h pattern=PATTERN_005 name='Three Point Trendline Resistance' rule='strict_three_point_descending_resistance' score=91.7366 anchors=[2026-05-06 19:00:00 UTC+8, 2026-05-11 07:00:00 UTC+8, 2026-05-12 02:00:00 UTC+8]
symbol=BTC timeframe=1h pattern=PATTERN_003 name='Three Point Trendline Support' rule='strict_three_point_slope_support' score=99.3810 anchors=[2026-05-08 11:00:00 UTC+8, 2026-05-11 04:00:00 UTC+8, 2026-05-12 09:00:00 UTC+8]
symbol=BTC timeframe=1h pattern=PATTERN_002 name='Triangle' rule='symmetrical_triangle' score=60.1651 anchors=[2026-05-08 11:00:00 UTC+8, 2026-05-11 07:00:00 UTC+8, 2026-05-11 22:00:00 UTC+8, 2026-05-12 02:00:00 UTC+8, 2026-05-12 16:00:00 UTC+8]
symbol=BTC timeframe=1h pattern=PATTERN_002 name='Triangle' rule='descending_triangle' score=56.9094 anchors=[2026-05-09 18:00:00 UTC+8, 2026-05-11 07:00:00 UTC+8, 2026-05-11 22:00:00 UTC+8, 2026-05-12 02:00:00 UTC+8, 2026-05-12 19:00:00 UTC+8]
symbol=BTC timeframe=1h pattern=PATTERN_004 name='Horizontal Support' rule='breakout_retest' score=87.9103 anchors=[2026-05-08 04:00:00 UTC+8, 2026-05-12 19:00:00 UTC+8]
symbol=BTC timeframe=1h pattern=PATTERN_004 name='Horizontal Support' rule='double_swing_low' score=99.3059 anchors=[2026-05-09 15:00:00 UTC+8, 2026-05-12 23:00:00 UTC+8]
symbol=BTC timeframe=1h pattern=PATTERN_005 name='Three Point Trendline Resistance' rule='strict_three_point_descending_resistance' score=98.2073 anchors=[2026-05-11 07:00:00 UTC+8, 2026-05-12 02:00:00 UTC+8, 2026-05-13 11:00:00 UTC+8]
symbol=BTC timeframe=1h pattern=PATTERN_004 name='Horizontal Support' rule='double_swing_low' score=99.5391 anchors=[2026-05-08 01:00:00 UTC+8, 2026-05-13 22:00:00 UTC+8]
symbol=BTC timeframe=1h pattern=PATTERN_008 name='Head and Shoulders Top' rule='confirmed_three_swing_high_head_shoulders_top' score=64.2802 anchors=[2026-05-10 02:00:00 UTC+8, 2026-05-11 07:00:00 UTC+8, 2026-05-13 17:00:00 UTC+8]
symbol=BTC timeframe=1h pattern=PATTERN_004 name='Horizontal Support' rule='double_swing_low' score=97.5050 anchors=[2026-05-14 00:00:00 UTC+8, 2026-05-16 14:00:00 UTC+8]
symbol=BTC timeframe=1h pattern=PATTERN_002 name='Triangle' rule='symmetrical_triangle' score=65.7853 anchors=[2026-05-16 02:00:00 UTC+8, 2026-05-17 09:00:00 UTC+8, 2026-05-17 18:00:00 UTC+8, 2026-05-17 22:00:00 UTC+8, 2026-05-18 05:00:00 UTC+8]
symbol=BTC timeframe=1h pattern=PATTERN_002 name='Triangle' rule='symmetrical_triangle' score=71.2164 anchors=[2026-05-15 01:00:00 UTC+8, 2026-05-18 23:00:00 UTC+8, 2026-05-19 08:00:00 UTC+8, 2026-05-19 10:00:00 UTC+8, 2026-05-19 14:00:00 UTC+8]
symbol=BTC timeframe=1h pattern=PATTERN_002 name='Triangle' rule='descending_triangle' score=62.1383 anchors=[2026-05-18 05:00:00 UTC+8, 2026-05-18 23:00:00 UTC+8, 2026-05-19 16:00:00 UTC+8, 2026-05-19 22:00:00 UTC+8, 2026-05-20 01:00:00 UTC+8]
symbol=BTC timeframe=1h pattern=PATTERN_005 name='Three Point Trendline Resistance' rule='strict_three_point_descending_resistance' score=94.7116 anchors=[2026-05-17 18:00:00 UTC+8, 2026-05-18 05:00:00 UTC+8, 2026-05-20 20:00:00 UTC+8]
symbol=BTC timeframe=1h pattern=PATTERN_006 name='Horizontal Resistance' rule='strict_two_swing_horizontal_resistance' score=85.0812 anchors=[2026-05-18 20:00:00 UTC+8, 2026-05-20 20:00:00 UTC+8]
symbol=BTC timeframe=1h pattern=PATTERN_002 name='Triangle' rule='symmetrical_triangle' score=59.9726 anchors=[2026-05-15 08:00:00 UTC+8, 2026-05-19 22:00:00 UTC+8, 2026-05-20 23:00:00 UTC+8, 2026-05-21 00:00:00 UTC+8, 2026-05-21 01:00:00 UTC+8]
symbol=BTC timeframe=1h pattern=PATTERN_002 name='Triangle' rule='ascending_triangle' score=66.1520 anchors=[2026-05-18 20:00:00 UTC+8, 2026-05-20 22:00:00 UTC+8, 2026-05-21 09:00:00 UTC+8, 2026-05-21 14:00:00 UTC+8, 2026-05-21 16:00:00 UTC+8]
symbol=BTC timeframe=1h pattern=PATTERN_003 name='Three Point Trendline Support' rule='strict_three_point_slope_support' score=98.9399 anchors=[2026-05-19 22:00:00 UTC+8, 2026-05-20 08:00:00 UTC+8, 2026-05-21 15:00:00 UTC+8]
symbol=BTC timeframe=1h pattern=PATTERN_004 name='Horizontal Support' rule='breakout_retest' score=89.6945 anchors=[2026-05-20 03:00:00 UTC+8, 2026-05-21 20:00:00 UTC+8]
symbol=BTC timeframe=1h pattern=PATTERN_005 name='Three Point Trendline Resistance' rule='strict_three_point_descending_resistance' score=98.1811 anchors=[2026-05-17 18:00:00 UTC+8, 2026-05-21 09:00:00 UTC+8, 2026-05-22 01:00:00 UTC+8]
symbol=BTC timeframe=1h pattern=PATTERN_002 name='Triangle' rule='ascending_triangle' score=62.6785 anchors=[2026-05-17 18:00:00 UTC+8, 2026-05-19 22:00:00 UTC+8, 2026-05-21 16:00:00 UTC+8, 2026-05-21 21:00:00 UTC+8, 2026-05-22 01:00:00 UTC+8, 2026-05-22 21:00:00 UTC+8]
symbol=BTC timeframe=1h pattern=PATTERN_003 name='Three Point Trendline Support' rule='strict_three_point_slope_support' score=99.1410 anchors=[2026-05-18 23:00:00 UTC+8, 2026-05-19 22:00:00 UTC+8, 2026-05-22 23:00:00 UTC+8]
symbol=BTC timeframe=1h pattern=PATTERN_008 name='Head and Shoulders Top' rule='confirmed_three_swing_high_head_shoulders_top' score=53.6329 anchors=[2026-05-20 23:00:00 UTC+8, 2026-05-21 16:00:00 UTC+8, 2026-05-24 18:00:00 UTC+8]
symbol=BTC timeframe=1h pattern=PATTERN_002 name='Triangle' rule='symmetrical_triangle' score=64.6582 anchors=[2026-05-21 16:00:00 UTC+8, 2026-05-23 15:00:00 UTC+8, 2026-05-24 18:00:00 UTC+8, 2026-05-25 05:00:00 UTC+8, 2026-05-25 10:00:00 UTC+8]
symbol=BTC timeframe=1h pattern=PATTERN_007 name='Inverse Head and Shoulders' rule='confirmed_three_swing_low_inverse_head_shoulders' score=74.9862 anchors=[2026-05-18 23:00:00 UTC+8, 2026-05-23 15:00:00 UTC+8, 2026-05-25 05:00:00 UTC+8]
symbol=BTC timeframe=1h pattern=PATTERN_005 name='Three Point Trendline Resistance' rule='strict_three_point_descending_resistance' score=99.3387 anchors=[2026-05-21 09:00:00 UTC+8, 2026-05-22 01:00:00 UTC+8, 2026-05-25 10:00:00 UTC+8]
symbol=BTC timeframe=1h pattern=PATTERN_002 name='Triangle' rule='ascending_triangle' score=63.3678 anchors=[2026-05-22 12:00:00 UTC+8, 2026-05-23 15:00:00 UTC+8, 2026-05-24 18:00:00 UTC+8, 2026-05-25 05:00:00 UTC+8, 2026-05-25 17:00:00 UTC+8]
symbol=BTC timeframe=1h pattern=PATTERN_006 name='Horizontal Resistance' rule='strict_two_swing_horizontal_resistance' score=89.8355 anchors=[2026-05-22 12:00:00 UTC+8, 2026-05-25 23:00:00 UTC+8]
symbol=BTC timeframe=1h pattern=PATTERN_008 name='Head and Shoulders Top' rule='confirmed_three_swing_high_head_shoulders_top' score=64.2322 anchors=[2026-05-20 23:00:00 UTC+8, 2026-05-21 16:00:00 UTC+8, 2026-05-25 23:00:00 UTC+8]
symbol=BTC timeframe=1h pattern=PATTERN_002 name='Triangle' rule='symmetrical_triangle' score=63.0093 anchors=[2026-05-23 23:00:00 UTC+8, 2026-05-25 23:00:00 UTC+8, 2026-05-26 10:00:00 UTC+8, 2026-05-26 14:00:00 UTC+8, 2026-05-26 15:00:00 UTC+8, 2026-05-26 16:00:00 UTC+8]
symbol=BTC timeframe=1h pattern=PATTERN_003 name='Three Point Trendline Support' rule='strict_three_point_slope_support' score=95.3902 anchors=[2026-05-24 01:00:00 UTC+8, 2026-05-25 05:00:00 UTC+8, 2026-05-26 15:00:00 UTC+8]
symbol=BTC timeframe=1h pattern=PATTERN_002 name='Triangle' rule='ascending_triangle' score=57.6066 anchors=[2026-05-22 11:00:00 UTC+8, 2026-05-23 15:00:00 UTC+8, 2026-05-25 23:00:00 UTC+8, 2026-05-26 21:00:00 UTC+8, 2026-05-26 22:00:00 UTC+8]
symbol=BTC timeframe=1h pattern=PATTERN_004 name='Horizontal Support' rule='double_swing_low' score=98.4026 anchors=[2026-05-25 05:00:00 UTC+8, 2026-05-27 01:00:00 UTC+8]
symbol=BTC timeframe=1h pattern=PATTERN_002 name='Triangle' rule='descending_triangle' score=71.3215 anchors=[2026-05-23 23:00:00 UTC+8, 2026-05-26 22:00:00 UTC+8, 2026-05-27 06:00:00 UTC+8, 2026-05-27 09:00:00 UTC+8, 2026-05-27 10:00:00 UTC+8]
symbol=BTC timeframe=1h pattern=PATTERN_004 name='Horizontal Support' rule='double_swing_low' score=99.9232 anchors=[2026-05-23 15:00:00 UTC+8, 2026-05-28 07:00:00 UTC+8]
symbol=BTC timeframe=1h pattern=PATTERN_002 name='Triangle' rule='symmetrical_triangle' score=71.8274 anchors=[2026-05-26 22:00:00 UTC+8, 2026-05-29 22:00:00 UTC+8, 2026-05-30 11:00:00 UTC+8, 2026-05-30 12:00:00 UTC+8, 2026-05-30 13:00:00 UTC+8]
symbol=BTC timeframe=1h pattern=PATTERN_005 name='Three Point Trendline Resistance' rule='strict_three_point_descending_resistance' score=94.3922 anchors=[2026-05-26 22:00:00 UTC+8, 2026-05-30 01:00:00 UTC+8, 2026-05-30 11:00:00 UTC+8]
symbol=BTC timeframe=1h pattern=PATTERN_002 name='Triangle' rule='symmetrical_triangle' score=74.6790 anchors=[2026-05-27 20:00:00 UTC+8, 2026-05-29 22:00:00 UTC+8, 2026-05-30 01:00:00 UTC+8, 2026-05-30 12:00:00 UTC+8, 2026-05-30 18:00:00 UTC+8]
symbol=BTC timeframe=1h pattern=PATTERN_003 name='Three Point Trendline Support' rule='strict_three_point_slope_support' score=98.6388 anchors=[2026-05-28 22:00:00 UTC+8, 2026-05-30 02:00:00 UTC+8, 2026-05-31 18:00:00 UTC+8]
symbol=BTC timeframe=1h pattern=PATTERN_002 name='Triangle' rule='symmetrical_triangle' score=66.0684 anchors=[2026-05-27 20:00:00 UTC+8, 2026-05-29 22:00:00 UTC+8, 2026-05-31 09:00:00 UTC+8, 2026-05-31 18:00:00 UTC+8, 2026-05-31 21:00:00 UTC+8]
symbol=BTC timeframe=1h pattern=PATTERN_002 name='Triangle' rule='ascending_triangle' score=52.7334 anchors=[2026-05-30 01:00:00 UTC+8, 2026-05-30 02:00:00 UTC+8, 2026-05-31 09:00:00 UTC+8, 2026-05-31 22:00:00 UTC+8, 2026-06-01 07:00:00 UTC+8]
symbol=BTC timeframe=1h pattern=PATTERN_004 name='Horizontal Support' rule='double_swing_low' score=99.9986 anchors=[2026-05-28 12:00:00 UTC+8, 2026-06-01 15:00:00 UTC+8]
symbol=BTC timeframe=1h pattern=PATTERN_002 name='Triangle' rule='descending_triangle' score=58.9228 anchors=[2026-05-30 02:00:00 UTC+8, 2026-06-01 11:00:00 UTC+8, 2026-06-01 16:00:00 UTC+8, 2026-06-01 17:00:00 UTC+8, 2026-06-01 18:00:00 UTC+8]
symbol=BTC timeframe=1h pattern=PATTERN_003 name='Three Point Trendline Support' rule='strict_three_point_slope_support' score=97.7181 anchors=[2026-06-06 03:00:00 UTC+8, 2026-06-07 06:00:00 UTC+8, 2026-06-08 03:00:00 UTC+8]
symbol=BTC timeframe=1h pattern=PATTERN_006 name='Horizontal Resistance' rule='strict_two_swing_horizontal_resistance' score=82.5802 anchors=[2026-06-05 08:00:00 UTC+8, 2026-06-08 06:00:00 UTC+8]
symbol=BTC timeframe=1h pattern=PATTERN_007 name='Inverse Head and Shoulders' rule='confirmed_three_swing_low_inverse_head_shoulders' score=89.7773 anchors=[2026-06-04 10:00:00 UTC+8, 2026-06-06 03:00:00 UTC+8, 2026-06-08 03:00:00 UTC+8]
symbol=BTC timeframe=1h pattern=PATTERN_002 name='Triangle' rule='symmetrical_triangle' score=66.1784 anchors=[2026-06-03 05:00:00 UTC+8, 2026-06-08 03:00:00 UTC+8, 2026-06-08 06:00:00 UTC+8, 2026-06-08 13:00:00 UTC+8, 2026-06-08 19:00:00 UTC+8]
symbol=BTC timeframe=1h pattern=PATTERN_002 name='Triangle' rule='ascending_triangle' score=70.4130 anchors=[2026-06-04 12:00:00 UTC+8, 2026-06-08 03:00:00 UTC+8, 2026-06-08 06:00:00 UTC+8, 2026-06-08 13:00:00 UTC+8, 2026-06-08 22:00:00 UTC+8]
symbol=BTC timeframe=1h pattern=PATTERN_005 name='Three Point Trendline Resistance' rule='strict_three_point_descending_resistance' score=94.6957 anchors=[2026-06-04 22:00:00 UTC+8, 2026-06-08 06:00:00 UTC+8, 2026-06-08 23:00:00 UTC+8]
symbol=BTC timeframe=1h pattern=PATTERN_003 name='Three Point Trendline Support' rule='strict_three_point_slope_support' score=99.7815 anchors=[2026-06-06 03:00:00 UTC+8, 2026-06-08 03:00:00 UTC+8, 2026-06-09 08:00:00 UTC+8]
symbol=BTC timeframe=1h pattern=PATTERN_004 name='Horizontal Support' rule='double_swing_low' score=99.4200 anchors=[2026-06-08 03:00:00 UTC+8, 2026-06-09 23:00:00 UTC+8]
symbol=BTC timeframe=1h pattern=PATTERN_003 name='Three Point Trendline Support' rule='strict_three_point_slope_support' score=98.9559 anchors=[2026-06-06 03:00:00 UTC+8, 2026-06-10 00:00:00 UTC+8, 2026-06-10 13:00:00 UTC+8]
symbol=BTC timeframe=1h pattern=PATTERN_002 name='Triangle' rule='descending_triangle' score=69.4732 anchors=[2026-06-08 03:00:00 UTC+8, 2026-06-09 13:00:00 UTC+8, 2026-06-10 00:00:00 UTC+8, 2026-06-10 15:00:00 UTC+8, 2026-06-10 17:00:00 UTC+8]
symbol=BTC timeframe=1h pattern=PATTERN_002 name='Triangle' rule='symmetrical_triangle' score=76.2587 anchors=[2026-06-08 23:00:00 UTC+8, 2026-06-11 06:00:00 UTC+8, 2026-06-11 19:00:00 UTC+8, 2026-06-11 20:00:00 UTC+8, 2026-06-11 21:00:00 UTC+8]
symbol=BTC timeframe=1h pattern=PATTERN_004 name='Horizontal Support' rule='breakout_retest' score=88.4551 anchors=[2026-06-09 13:00:00 UTC+8, 2026-06-12 01:00:00 UTC+8]
symbol=BTC timeframe=1h pattern=PATTERN_005 name='Three Point Trendline Resistance' rule='strict_three_point_descending_resistance' score=96.4481 anchors=[2026-06-08 06:00:00 UTC+8, 2026-06-08 23:00:00 UTC+8, 2026-06-12 08:00:00 UTC+8]
symbol=BTC timeframe=1h pattern=PATTERN_002 name='Triangle' rule='ascending_triangle' score=83.4203 anchors=[2026-06-08 23:00:00 UTC+8, 2026-06-12 01:00:00 UTC+8, 2026-06-12 03:00:00 UTC+8, 2026-06-12 09:00:00 UTC+8, 2026-06-12 10:00:00 UTC+8]
symbol=BTC timeframe=1h pattern=PATTERN_002 name='Triangle' rule='ascending_triangle' score=64.9516 anchors=[2026-06-08 23:00:00 UTC+8, 2026-06-11 06:00:00 UTC+8, 2026-06-12 23:00:00 UTC+8, 2026-06-13 11:00:00 UTC+8, 2026-06-13 23:00:00 UTC+8, 2026-06-14 00:00:00 UTC+8]
symbol=BTC timeframe=1h pattern=PATTERN_003 name='Three Point Trendline Support' rule='strict_three_point_slope_support' score=99.2465 anchors=[2026-06-10 17:00:00 UTC+8, 2026-06-13 11:00:00 UTC+8, 2026-06-14 00:00:00 UTC+8]
symbol=BTC timeframe=1h pattern=PATTERN_004 name='Horizontal Support' rule='breakout_retest' score=89.2114 anchors=[2026-06-12 23:00:00 UTC+8, 2026-06-14 15:00:00 UTC+8]
symbol=BTC timeframe=1h pattern=PATTERN_002 name='Triangle' rule='symmetrical_triangle' score=66.5718 anchors=[2026-06-11 06:00:00 UTC+8, 2026-06-14 05:00:00 UTC+8, 2026-06-14 15:00:00 UTC+8, 2026-06-14 18:00:00 UTC+8, 2026-06-14 19:00:00 UTC+8]
symbol=BTC timeframe=1h pattern=PATTERN_003 name='Three Point Trendline Support' rule='strict_three_point_slope_support' score=99.7545 anchors=[2026-06-10 17:00:00 UTC+8, 2026-06-11 06:00:00 UTC+8, 2026-06-15 01:00:00 UTC+8]
symbol=BTC timeframe=1h pattern=PATTERN_002 name='Triangle' rule='symmetrical_triangle' score=64.0924 anchors=[2026-06-15 01:00:00 UTC+8, 2026-06-16 16:00:00 UTC+8, 2026-06-16 22:00:00 UTC+8, 2026-06-17 02:00:00 UTC+8, 2026-06-17 03:00:00 UTC+8, 2026-06-17 05:00:00 UTC+8]
symbol=BTC timeframe=1h pattern=PATTERN_004 name='Horizontal Support' rule='breakout_retest' score=89.9786 anchors=[2026-06-15 11:00:00 UTC+8, 2026-06-17 09:00:00 UTC+8]
symbol=BTC timeframe=1h pattern=PATTERN_002 name='Triangle' rule='descending_triangle' score=69.0865 anchors=[2026-06-15 17:00:00 UTC+8, 2026-06-16 16:00:00 UTC+8, 2026-06-16 22:00:00 UTC+8, 2026-06-17 10:00:00 UTC+8, 2026-06-17 15:00:00 UTC+8]
symbol=BTC timeframe=1h pattern=PATTERN_003 name='Three Point Trendline Support' rule='strict_three_point_slope_support' score=95.8802 anchors=[2026-06-12 01:00:00 UTC+8, 2026-06-15 01:00:00 UTC+8, 2026-06-17 19:00:00 UTC+8]
symbol=BTC timeframe=1h pattern=PATTERN_008 name='Head and Shoulders Top' rule='confirmed_three_swing_high_head_shoulders_top' score=66.9609 anchors=[2026-06-15 11:00:00 UTC+8, 2026-06-15 23:00:00 UTC+8, 2026-06-18 00:00:00 UTC+8]
symbol=BTC timeframe=1h pattern=PATTERN_002 name='Triangle' rule='descending_triangle' score=68.4405 anchors=[2026-06-13 11:00:00 UTC+8, 2026-06-18 00:00:00 UTC+8, 2026-06-18 23:00:00 UTC+8, 2026-06-19 10:00:00 UTC+8, 2026-06-19 11:00:00 UTC+8]
symbol=BTC timeframe=1h pattern=PATTERN_006 name='Horizontal Resistance' rule='strict_two_swing_horizontal_resistance' score=90.3591 anchors=[2026-06-18 16:00:00 UTC+8, 2026-06-21 12:00:00 UTC+8]
symbol=BTC timeframe=1h pattern=PATTERN_005 name='Three Point Trendline Resistance' rule='strict_three_point_descending_resistance' score=90.4360 anchors=[2026-06-16 16:00:00 UTC+8, 2026-06-18 00:00:00 UTC+8, 2026-06-21 19:00:00 UTC+8]
symbol=BTC timeframe=1h pattern=PATTERN_003 name='Three Point Trendline Support' rule='strict_three_point_slope_support' score=97.2302 anchors=[2026-06-19 17:00:00 UTC+8, 2026-06-20 22:00:00 UTC+8, 2026-06-21 20:00:00 UTC+8]
symbol=BTC timeframe=1h pattern=PATTERN_002 name='Triangle' rule='symmetrical_triangle' score=65.2187 anchors=[2026-06-18 00:00:00 UTC+8, 2026-06-19 17:00:00 UTC+8, 2026-06-21 19:00:00 UTC+8, 2026-06-22 02:00:00 UTC+8, 2026-06-22 03:00:00 UTC+8]
symbol=BTC timeframe=1h pattern=PATTERN_002 name='Triangle' rule='ascending_triangle' score=51.2647 anchors=[2026-06-18 16:00:00 UTC+8, 2026-06-19 11:00:00 UTC+8, 2026-06-21 12:00:00 UTC+8, 2026-06-22 07:00:00 UTC+8, 2026-06-22 09:00:00 UTC+8]
symbol=BTC timeframe=1h pattern=PATTERN_004 name='Horizontal Support' rule='double_swing_low' score=96.9541 anchors=[2026-06-20 22:00:00 UTC+8, 2026-06-23 13:00:00 UTC+8]
symbol=BTC timeframe=1h pattern=PATTERN_005 name='Three Point Trendline Resistance' rule='strict_three_point_descending_resistance' score=94.0853 anchors=[2026-06-22 22:00:00 UTC+8, 2026-06-24 19:00:00 UTC+8, 2026-06-26 15:00:00 UTC+8]
symbol=BTC timeframe=1h pattern=PATTERN_002 name='Triangle' rule='descending_triangle' score=57.5367 anchors=[2026-06-24 19:00:00 UTC+8, 2026-06-25 21:00:00 UTC+8, 2026-06-26 15:00:00 UTC+8, 2026-06-26 21:00:00 UTC+8, 2026-06-27 00:00:00 UTC+8]
symbol=BTC timeframe=1h pattern=PATTERN_007 name='Inverse Head and Shoulders' rule='confirmed_three_swing_low_inverse_head_shoulders' score=49.4407 anchors=[2026-06-25 01:00:00 UTC+8, 2026-06-25 21:00:00 UTC+8, 2026-06-26 21:00:00 UTC+8]
symbol=BTC timeframe=1h pattern=PATTERN_002 name='Triangle' rule='symmetrical_triangle' score=64.8075 anchors=[2026-06-24 19:00:00 UTC+8, 2026-06-25 21:00:00 UTC+8, 2026-06-26 15:00:00 UTC+8, 2026-06-26 21:00:00 UTC+8, 2026-06-27 08:00:00 UTC+8]
symbol=BTC timeframe=1h pattern=PATTERN_002 name='Triangle' rule='symmetrical_triangle' score=65.1669 anchors=[2026-06-25 15:00:00 UTC+8, 2026-06-26 21:00:00 UTC+8, 2026-06-27 23:00:00 UTC+8, 2026-06-28 13:00:00 UTC+8, 2026-06-28 16:00:00 UTC+8]
symbol=BTC timeframe=1h pattern=PATTERN_002 name='Triangle' rule='ascending_triangle' score=47.6972 anchors=[2026-06-26 11:00:00 UTC+8, 2026-06-26 15:00:00 UTC+8, 2026-06-26 21:00:00 UTC+8, 2026-06-27 23:00:00 UTC+8, 2026-06-29 01:00:00 UTC+8]
symbol=BTC timeframe=1h pattern=PATTERN_003 name='Three Point Trendline Support' rule='strict_three_point_slope_support' score=99.7558 anchors=[2026-06-25 21:00:00 UTC+8, 2026-06-26 21:00:00 UTC+8, 2026-06-29 03:00:00 UTC+8]
symbol=BTC timeframe=1h pattern=PATTERN_003 name='Three Point Trendline Support' rule='strict_three_point_slope_support' score=99.7046 anchors=[2026-06-25 21:00:00 UTC+8, 2026-06-29 10:00:00 UTC+8, 2026-06-29 22:00:00 UTC+8]
symbol=BTC timeframe=1h pattern=PATTERN_002 name='Triangle' rule='descending_triangle' score=61.9436 anchors=[2026-06-24 19:00:00 UTC+8, 2026-06-25 21:00:00 UTC+8, 2026-06-29 20:00:00 UTC+8, 2026-06-29 22:00:00 UTC+8, 2026-06-30 01:00:00 UTC+8]
symbol=BTC timeframe=1h pattern=PATTERN_002 name='Triangle' rule='symmetrical_triangle' score=73.7931 anchors=[2026-06-25 15:00:00 UTC+8, 2026-06-25 21:00:00 UTC+8, 2026-06-29 20:00:00 UTC+8, 2026-06-29 22:00:00 UTC+8, 2026-06-30 01:00:00 UTC+8, 2026-06-30 16:00:00 UTC+8]
symbol=BTC timeframe=1h pattern=PATTERN_003 name='Three Point Trendline Support' rule='strict_three_point_slope_support' score=99.8333 anchors=[2026-06-25 21:00:00 UTC+8, 2026-06-29 22:00:00 UTC+8, 2026-06-30 16:00:00 UTC+8]
symbol=BTC timeframe=1h pattern=PATTERN_004 name='Horizontal Support' rule='double_swing_low' score=99.2045 anchors=[2026-06-25 21:00:00 UTC+8, 2026-06-30 21:00:00 UTC+8]
symbol=BTC timeframe=1h pattern=PATTERN_003 name='Three Point Trendline Support' rule='strict_three_point_slope_support' score=98.4724 anchors=[2026-06-25 21:00:00 UTC+8, 2026-06-30 23:00:00 UTC+8, 2026-07-01 20:00:00 UTC+8]
symbol=BTC timeframe=1h pattern=PATTERN_005 name='Three Point Trendline Resistance' rule='strict_three_point_descending_resistance' score=94.6082 anchors=[2026-06-27 23:00:00 UTC+8, 2026-06-29 20:00:00 UTC+8, 2026-07-01 23:00:00 UTC+8]
symbol=BTC timeframe=1h pattern=PATTERN_002 name='Triangle' rule='ascending_triangle' score=63.7122 anchors=[2026-06-29 20:00:00 UTC+8, 2026-07-01 20:00:00 UTC+8, 2026-07-02 06:00:00 UTC+8, 2026-07-02 08:00:00 UTC+8, 2026-07-02 11:00:00 UTC+8, 2026-07-02 15:00:00 UTC+8]
symbol=BTC timeframe=1h pattern=PATTERN_004 name='Horizontal Support' rule='breakout_retest' score=87.4734 anchors=[2026-07-02 22:00:00 UTC+8, 2026-07-04 14:00:00 UTC+8]
symbol=BTC timeframe=1h pattern=PATTERN_003 name='Three Point Trendline Support' rule='strict_three_point_slope_support' score=96.6310 anchors=[2026-07-01 09:00:00 UTC+8, 2026-07-01 20:00:00 UTC+8, 2026-07-04 14:00:00 UTC+8]
symbol=BTC timeframe=1h pattern=PATTERN_003 name='Three Point Trendline Support' rule='strict_three_point_slope_support' score=99.7786 anchors=[2026-07-01 09:00:00 UTC+8, 2026-07-01 20:00:00 UTC+8, 2026-07-05 10:00:00 UTC+8]
symbol=BTC timeframe=1h pattern=PATTERN_002 name='Triangle' rule='symmetrical_triangle' score=68.3568 anchors=[2026-07-02 08:00:00 UTC+8, 2026-07-05 01:00:00 UTC+8, 2026-07-06 01:00:00 UTC+8, 2026-07-06 02:00:00 UTC+8, 2026-07-06 04:00:00 UTC+8]
symbol=BTC timeframe=1h pattern=PATTERN_008 name='Head and Shoulders Top' rule='confirmed_three_swing_high_head_shoulders_top' score=80.7878 anchors=[2026-07-04 05:00:00 UTC+8, 2026-07-05 03:00:00 UTC+8, 2026-07-05 23:00:00 UTC+8]
symbol=BTC timeframe=1h pattern=PATTERN_003 name='Three Point Trendline Support' rule='strict_three_point_slope_support' score=96.0038 anchors=[2026-07-01 09:00:00 UTC+8, 2026-07-01 20:00:00 UTC+8, 2026-07-06 21:00:00 UTC+8]
symbol=BTC timeframe=1h pattern=PATTERN_003 name='Three Point Trendline Support' rule='strict_three_point_slope_support' score=97.5253 anchors=[2026-07-03 00:00:00 UTC+8, 2026-07-08 23:00:00 UTC+8, 2026-07-09 10:00:00 UTC+8]
symbol=BTC timeframe=1h pattern=PATTERN_005 name='Three Point Trendline Resistance' rule='strict_three_point_descending_resistance' score=96.6082 anchors=[2026-07-07 05:00:00 UTC+8, 2026-07-08 00:00:00 UTC+8, 2026-07-09 15:00:00 UTC+8]
symbol=BTC timeframe=1h pattern=PATTERN_002 name='Triangle' rule='symmetrical_triangle' score=63.6180 anchors=[2026-07-08 07:00:00 UTC+8, 2026-07-09 10:00:00 UTC+8, 2026-07-09 15:00:00 UTC+8, 2026-07-09 20:00:00 UTC+8, 2026-07-09 23:00:00 UTC+8]
symbol=BTC timeframe=1h pattern=PATTERN_006 name='Horizontal Resistance' rule='strict_two_swing_horizontal_resistance' score=87.1419 anchors=[2026-07-07 05:00:00 UTC+8, 2026-07-10 21:00:00 UTC+8]
symbol=BTC timeframe=1h pattern=PATTERN_002 name='Triangle' rule='symmetrical_triangle' score=73.2817 anchors=[2026-07-09 10:00:00 UTC+8, 2026-07-10 21:00:00 UTC+8, 2026-07-11 04:00:00 UTC+8, 2026-07-11 09:00:00 UTC+8, 2026-07-11 10:00:00 UTC+8, 2026-07-11 12:00:00 UTC+8]
symbol=BTC timeframe=1h pattern=PATTERN_002 name='Triangle' rule='symmetrical_triangle' score=63.4308 anchors=[2026-07-09 10:00:00 UTC+8, 2026-07-12 04:00:00 UTC+8, 2026-07-12 14:00:00 UTC+8, 2026-07-12 16:00:00 UTC+8, 2026-07-12 17:00:00 UTC+8]
symbol=BTC timeframe=1h pattern=PATTERN_002 name='Triangle' rule='descending_triangle' score=61.3137 anchors=[2026-07-10 21:00:00 UTC+8, 2026-07-11 04:00:00 UTC+8, 2026-07-12 04:00:00 UTC+8, 2026-07-12 14:00:00 UTC+8, 2026-07-12 22:00:00 UTC+8, 2026-07-13 06:00:00 UTC+8]
symbol=BTC timeframe=1h pattern=PATTERN_004 name='Horizontal Support' rule='double_swing_low' score=99.5736 anchors=[2026-07-11 04:00:00 UTC+8, 2026-07-13 06:00:00 UTC+8]
symbol=BTC timeframe=1h pattern=PATTERN_004 name='Horizontal Support' rule='breakout_retest' score=88.8038 anchors=[2026-07-09 15:00:00 UTC+8, 2026-07-13 10:00:00 UTC+8]
symbol=BTC timeframe=1h pattern=PATTERN_005 name='Three Point Trendline Resistance' rule='strict_three_point_descending_resistance' score=97.7232 anchors=[2026-07-07 05:00:00 UTC+8, 2026-07-11 22:00:00 UTC+8, 2026-07-13 08:00:00 UTC+8]
symbol=BTC timeframe=1h pattern=PATTERN_003 name='Three Point Trendline Support' rule='strict_three_point_slope_support' score=98.7069 anchors=[2026-07-08 23:00:00 UTC+8, 2026-07-09 10:00:00 UTC+8, 2026-07-13 13:00:00 UTC+8]
symbol=BTC timeframe=1h pattern=PATTERN_004 name='Horizontal Support' rule='breakout_retest' score=89.3381 anchors=[2026-07-13 08:00:00 UTC+8, 2026-07-15 10:00:00 UTC+8]
symbol=BTC timeframe=1h pattern=PATTERN_002 name='Triangle' rule='symmetrical_triangle' score=60.5232 anchors=[2026-07-14 10:00:00 UTC+8, 2026-07-15 21:00:00 UTC+8, 2026-07-16 16:00:00 UTC+8, 2026-07-16 22:00:00 UTC+8, 2026-07-17 01:00:00 UTC+8]
symbol=BTC timeframe=1h pattern=PATTERN_004 name='Horizontal Support' rule='breakout_retest' score=89.3444 anchors=[2026-07-13 08:00:00 UTC+8, 2026-07-17 07:00:00 UTC+8]
symbol=BTC timeframe=1h pattern=PATTERN_008 name='Head and Shoulders Top' rule='confirmed_three_swing_high_head_shoulders_top' score=67.4243 anchors=[2026-07-11 22:00:00 UTC+8, 2026-07-15 23:00:00 UTC+8, 2026-07-18 02:00:00 UTC+8]
symbol=BTC timeframe=1h pattern=PATTERN_005 name='Three Point Trendline Resistance' rule='strict_three_point_descending_resistance' score=92.5569 anchors=[2026-07-15 23:00:00 UTC+8, 2026-07-18 02:00:00 UTC+8, 2026-07-18 15:00:00 UTC+8]
symbol=BTC timeframe=1h pattern=PATTERN_002 name='Triangle' rule='symmetrical_triangle' score=70.3207 anchors=[2026-07-15 23:00:00 UTC+8, 2026-07-17 21:00:00 UTC+8, 2026-07-18 20:00:00 UTC+8, 2026-07-18 21:00:00 UTC+8, 2026-07-18 22:00:00 UTC+8]
symbol=BTC timeframe=1h pattern=PATTERN_003 name='Three Point Trendline Support' rule='strict_three_point_slope_support' score=99.2254 anchors=[2026-07-17 16:00:00 UTC+8, 2026-07-18 21:00:00 UTC+8, 2026-07-19 12:00:00 UTC+8]
symbol=BTC timeframe=1h pattern=PATTERN_008 name='Head and Shoulders Top' rule='confirmed_three_swing_high_head_shoulders_top' score=76.5493 anchors=[2026-07-14 23:00:00 UTC+8, 2026-07-15 23:00:00 UTC+8, 2026-07-19 10:00:00 UTC+8]
symbol=BTC timeframe=1h pattern=PATTERN_004 name='Horizontal Support' rule='breakout_retest' score=89.4805 anchors=[2026-07-16 23:00:00 UTC+8, 2026-07-19 17:00:00 UTC+8]
symbol=BTC timeframe=1h pattern=PATTERN_005 name='Three Point Trendline Resistance' rule='strict_three_point_descending_resistance' score=91.2604 anchors=[2026-07-15 23:00:00 UTC+8, 2026-07-19 10:00:00 UTC+8, 2026-07-20 01:00:00 UTC+8]
symbol=BTC timeframe=1h pattern=PATTERN_006 name='Horizontal Resistance' rule='strict_two_swing_horizontal_resistance' score=77.4009 anchors=[2026-07-16 13:00:00 UTC+8, 2026-07-20 08:00:00 UTC+8]
